<?xml version="1.0" encoding="UTF-8"?>
<!-- Generated by org.testng.reporters.JUnitXMLReporter -->
<testsuite hostname="PraveenKumar" ignored="0" name="Test" tests="3" failures="0" timestamp="2020-06-20T17:31:46 IST" time="116.637" errors="0">
  <testcase name="test" time="48.651" classname="AppiumFramework.PageObjectModel.TC_5"/>
  <testcase name="apiDemo" time="32.442" classname="AppiumFramework.PageObjectModel.basicsDemo"/>
  <testcase name="apiDemo" time="32.441" classname="AppiumFramework.PageObjectModel.basicsDemo"/>
</testsuite> <!-- Test -->
