<?xml version="1.0" encoding="UTF-8"?>
<!-- Generated by org.testng.reporters.JUnitXMLReporter -->
<testsuite hostname="PraveenKumar" ignored="0" name="Test" tests="3" failures="0" timestamp="2020-06-20T20:25:01 IST" time="123.384" errors="0">
  <testcase name="test" time="49.859" classname="AppiumFramework.PageObjectModel.TC_5"/>
  <testcase name="apiDemo" time="35.205" classname="AppiumFramework.PageObjectModel.basicsDemo"/>
  <testcase name="apiDemo" time="35.172" classname="AppiumFramework.PageObjectModel.basicsDemo"/>
</testsuite> <!-- Test -->
