<?xml version="1.0" encoding="UTF-8"?>
<testng-results skipped="0" failed="0" ignored="0" total="3" passed="3">
  <reporter-output>
  </reporter-output>
  <suite name="Suite" duration-ms="123384" started-at="2020-06-20T20:22:57 IST" finished-at="2020-06-20T20:25:01 IST">
    <groups>
    </groups>
    <test name="Test" duration-ms="123384" started-at="2020-06-20T20:22:57 IST" finished-at="2020-06-20T20:25:01 IST">
      <class name="AppiumFramework.PageObjectModel.basicsDemo">
        <test-method status="PASS" signature="apiDemo(java.lang.String)[pri:0, instance:AppiumFramework.PageObjectModel.basicsDemo@4493d195]" name="apiDemo" duration-ms="35205" started-at="2020-06-20T20:23:50 IST" data-provider="InputData" finished-at="2020-06-20T20:24:25 IST">
          <params>
            <param index="0">
              <value>
                <![CDATA[hello]]>
              </value>
            </param>
          </params>
          <reporter-output>
          </reporter-output>
        </test-method> <!-- apiDemo -->
        <test-method status="PASS" signature="apiDemo(java.lang.String)[pri:0, instance:AppiumFramework.PageObjectModel.basicsDemo@4493d195]" name="apiDemo" duration-ms="35172" started-at="2020-06-20T20:24:25 IST" data-provider="InputData" finished-at="2020-06-20T20:25:01 IST">
          <params>
            <param index="0">
              <value>
                <![CDATA[$%$%]]>
              </value>
            </param>
          </params>
          <reporter-output>
          </reporter-output>
        </test-method> <!-- apiDemo -->
      </class> <!-- AppiumFramework.PageObjectModel.basicsDemo -->
      <class name="AppiumFramework.PageObjectModel.TC_5">
        <test-method status="PASS" signature="killAllNodes()[pri:0, instance:AppiumFramework.PageObjectModel.TC_5@6ee52dcd]" name="killAllNodes" is-config="true" duration-ms="3014" started-at="2020-06-20T20:22:57 IST" finished-at="2020-06-20T20:23:00 IST">
          <reporter-output>
          </reporter-output>
        </test-method> <!-- killAllNodes -->
        <test-method status="PASS" signature="test()[pri:0, instance:AppiumFramework.PageObjectModel.TC_5@6ee52dcd]" name="test" duration-ms="49859" started-at="2020-06-20T20:23:00 IST" finished-at="2020-06-20T20:23:50 IST">
          <reporter-output>
          </reporter-output>
        </test-method> <!-- test -->
      </class> <!-- AppiumFramework.PageObjectModel.TC_5 -->
    </test> <!-- Test -->
  </suite> <!-- Suite -->
</testng-results>
