<?xml version="1.0" encoding="UTF-8"?>
<testsuite xmlns:xsi="http://www.w3.org/2001/XMLSchema-instance" xsi:noNamespaceSchemaLocation="https://maven.apache.org/surefire/maven-surefire-plugin/xsd/surefire-test-report-3.0.xsd" version="3.0" name="TestSuite" time="124.789" tests="3" errors="0" skipped="0" failures="0">
  <properties>
[...]
</properties>
  <testcase name="test" classname="AppiumFramework.PageObjectModel.TC_5" time="49.867">
    <system-out><![CDATA[&amp#27;[35m[Appium]&amp#27;[39m Welcome to Appium v1.17.1
&amp#27;[35m[Appium]&amp#27;[39m Appium REST http interface listener started on 0.0.0.0:4723
&amp#27;[35m[HTTP]&amp#27;[39m &amp#27;[37m-->&amp#27;[39m &amp#27;[37mGET&amp#27;[39m &amp#27;[37m/wd/hub/status&amp#27;[39m
&amp#27;[35m[HTTP]&amp#27;[39m &amp#27;[90m{}&amp#27;[39m
[debug] &amp#27;[35m[GENERIC]&amp#27;[39m Calling AppiumDriver.getStatus() with args: []
[debug] &amp#27;[35m[GENERIC]&amp#27;[39m Responding to client with driver.getStatus() result: {"build":{"version":"1.17.1"}}
&amp#27;[35m[HTTP]&amp#27;[39m &amp#27;[37m<-- GET /wd/hub/status &amp#27;[39m&amp#27;[32m200&amp#27;[39m &amp#27;[90m9 ms - 68&amp#27;[39m
&amp#27;[35m[HTTP]&amp#27;[39m &amp#27;[90m&amp#27;[39m
&amp#27;[35m[HTTP]&amp#27;[39m &amp#27;[37m-->&amp#27;[39m &amp#27;[37mPOST&amp#27;[39m &amp#27;[37m/wd/hub/session&amp#27;[39m
&amp#27;[35m[HTTP]&amp#27;[39m &amp#27;[90m{"desiredCapabilities":{"app":"C:\\Users\\prave\\Documents\\Automation\\Appium\\PageObjectModel\\src\\General-Store.apk","automationName":"uiautomator2","platformName":"Android","deviceName":"Emulator_P3_OS9"},"capabilities":{"firstMatch":[{"appium:app":"C:\\Users\\prave\\Documents\\Automation\\Appium\\PageObjectModel\\src\\General-Store.apk","appium:automationName":"uiautomator2","appium:deviceName":"Emulator_P3_OS9","platformName":"android"}]}}&amp#27;[39m
[debug] &amp#27;[35m[W3C]&amp#27;[39m Calling AppiumDriver.createSession() with args: [{"app":"C:\\Users\\prave\\Documents\\Automation\\Appium\\PageObjectModel\\src\\General-Store.apk","automationName":"uiautomator2","platformName":"Android","deviceName":"Emulator_P3_OS9"},null,{"firstMatch":[{"appium:app":"C:\\Users\\prave\\Documents\\Automation\\Appium\\PageObjectModel\\src\\General-Store.apk","appium:automationName":"uiautomator2","appium:deviceName":"Emulator_P3_OS9","platformName":"android"}]}]
[debug] &amp#27;[35m[BaseDriver]&amp#27;[39m Event 'newSessionRequested' logged at 1592664790969 (20:23:10 GMT+0530 (India Standard Time))
&amp#27;[35m[Appium]&amp#27;[39m Appium v1.17.1 creating new AndroidUiautomator2Driver (v1.44.2) session
[debug] &amp#27;[35m[BaseDriver]&amp#27;[39m W3C capabilities and MJSONWP desired capabilities were provided
[debug] &amp#27;[35m[BaseDriver]&amp#27;[39m Creating session with W3C capabilities: {
[debug] &amp#27;[35m[BaseDriver]&amp#27;[39m   "alwaysMatch": {
[debug] &amp#27;[35m[BaseDriver]&amp#27;[39m     "platformName": "android",
[debug] &amp#27;[35m[BaseDriver]&amp#27;[39m     "appium:app": "C:\\Users\\prave\\Documents\\Automation\\Appium\\PageObjectModel\\src\\General-Store.apk",
[debug] &amp#27;[35m[BaseDriver]&amp#27;[39m     "appium:automationName": "uiautomator2",
[debug] &amp#27;[35m[BaseDriver]&amp#27;[39m     "appium:deviceName": "Emulator_P3_OS9"
[debug] &amp#27;[35m[BaseDriver]&amp#27;[39m   },
[debug] &amp#27;[35m[BaseDriver]&amp#27;[39m   "firstMatch": [
[debug] &amp#27;[35m[BaseDriver]&amp#27;[39m     {}
[debug] &amp#27;[35m[BaseDriver]&amp#27;[39m   ]
[debug] &amp#27;[35m[BaseDriver]&amp#27;[39m }
&amp#27;[35m[BaseDriver]&amp#27;[39m Session created with session id: 4fb4d2a5-d239-4e93-b0de-267d144674a7
&amp#27;[35m[BaseDriver]&amp#27;[39m Using local app 'C:\Users\prave\Documents\Automation\Appium\PageObjectModel\src\General-Store.apk'
[debug] &amp#27;[35m[UiAutomator2]&amp#27;[39m Checking whether app is actually present
&amp#27;[35m[ADB]&amp#27;[39m Found 1 'build-tools' folders under 'C:\Users\prave\AppData\Local\Android\Sdk' (newest first):
&amp#27;[35m[ADB]&amp#27;[39m     C:/Users/prave/AppData/Local/Android/Sdk/build-tools/30.0.0
&amp#27;[35m[ADB]&amp#27;[39m Using 'adb.exe' from 'C:\Users\prave\AppData\Local\Android\Sdk\platform-tools\adb.exe'
&amp#27;[35m[AndroidDriver]&amp#27;[39m Retrieving device list
[debug] &amp#27;[35m[ADB]&amp#27;[39m Trying to find a connected android device
[debug] &amp#27;[35m[ADB]&amp#27;[39m Getting connected devices...
[debug] &amp#27;[35m[ADB]&amp#27;[39m Connected devices: [{"udid":"emulator-5554","state":"device"},{"udid":"emulator-5556","state":"device"}]
&amp#27;[35m[AndroidDriver]&amp#27;[39m Using device: emulator-5554
&amp#27;[35m[ADB]&amp#27;[39m Using 'adb.exe' from 'C:\Users\prave\AppData\Local\Android\Sdk\platform-tools\adb.exe'
[debug] &amp#27;[35m[ADB]&amp#27;[39m Setting device id to emulator-5554
[debug] &amp#27;[35m[ADB]&amp#27;[39m Running 'C:\Users\prave\AppData\Local\Android\Sdk\platform-tools\adb.exe -P 5037 -s emulator-5554 shell getprop ro.build.version.sdk'
[debug] &amp#27;[35m[ADB]&amp#27;[39m Current device property 'ro.build.version.sdk': 28
&amp#27;[35m[ADB]&amp#27;[39m Getting device platform version
[debug] &amp#27;[35m[ADB]&amp#27;[39m Running 'C:\Users\prave\AppData\Local\Android\Sdk\platform-tools\adb.exe -P 5037 -s emulator-5554 shell getprop ro.build.version.release'
[debug] &amp#27;[35m[ADB]&amp#27;[39m Current device property 'ro.build.version.release': 9
[debug] &amp#27;[35m[ADB]&amp#27;[39m Device API level: 28
&amp#27;[35m[UiAutomator2]&amp#27;[39m Relaxing hidden api policy
[debug] &amp#27;[35m[ADB]&amp#27;[39m Running 'C:\Users\prave\AppData\Local\Android\Sdk\platform-tools\adb.exe -P 5037 -s emulator-5554 shell settings put global hidden_api_policy_pre_p_apps 1'
[debug] &amp#27;[35m[ADB]&amp#27;[39m Running 'C:\Users\prave\AppData\Local\Android\Sdk\platform-tools\adb.exe -P 5037 -s emulator-5554 shell settings put global hidden_api_policy_p_apps 1'
[debug] &amp#27;[35m[ADB]&amp#27;[39m Running 'C:\Users\prave\AppData\Local\Android\Sdk\platform-tools\adb.exe -P 5037 -s emulator-5554 shell settings put global hidden_api_policy 1'
[debug] &amp#27;[35m[AndroidDriver]&amp#27;[39m Parsing package and activity from app manifest
&amp#27;[35m[ADB]&amp#27;[39m Package name: 'com.androidsample.generalstore'
&amp#27;[35m[ADB]&amp#27;[39m Main activity name: 'com.androidsample.generalstore.SplashActivity'
[debug] &amp#27;[35m[AndroidDriver]&amp#27;[39m Parsed package and activity are: com.androidsample.generalstore/com.androidsample.generalstore.SplashActivity
[debug] &amp#27;[35m[ADB]&amp#27;[39m Running 'C:\Users\prave\AppData\Local\Android\Sdk\platform-tools\adb.exe -P 5037 -s emulator-5554 wait-for-device'
[debug] &amp#27;[35m[ADB]&amp#27;[39m Running 'C:\Users\prave\AppData\Local\Android\Sdk\platform-tools\adb.exe -P 5037 -s emulator-5554 shell echo ping'
[debug] &amp#27;[35m[AndroidDriver]&amp#27;[39m Pushing settings apk to device...
[debug] &amp#27;[35m[ADB]&amp#27;[39m Getting install status for io.appium.settings
[debug] &amp#27;[35m[ADB]&amp#27;[39m Running 'C:\Users\prave\AppData\Local\Android\Sdk\platform-tools\adb.exe -P 5037 -s emulator-5554 shell dumpsys package io.appium.settings'
[debug] &amp#27;[35m[ADB]&amp#27;[39m 'io.appium.settings' is installed
[debug] &amp#27;[35m[ADB]&amp#27;[39m Getting package info for 'io.appium.settings'
[debug] &amp#27;[35m[ADB]&amp#27;[39m Running 'C:\Users\prave\AppData\Local\Android\Sdk\platform-tools\adb.exe -P 5037 -s emulator-5554 shell dumpsys package io.appium.settings'
[debug] &amp#27;[35m[ADB]&amp#27;[39m The version name of the installed 'io.appium.settings' is greater or equal to the application version name ('3.1.0' >= '3.1.0')
[debug] &amp#27;[35m[ADB]&amp#27;[39m There is no need to install/upgrade 'C:\Users\prave\AppData\Roaming\npm\node_modules\appium\node_modules\io.appium.settings\apks\settings_apk-debug.apk'
[debug] &amp#27;[35m[ADB]&amp#27;[39m Getting IDs of all 'io.appium.settings' processes
[debug] &amp#27;[35m[ADB]&amp#27;[39m Running 'C:\Users\prave\AppData\Local\Android\Sdk\platform-tools\adb.exe -P 5037 -s emulator-5554 shell 'pgrep --help; echo $?''
[debug] &amp#27;[35m[ADB]&amp#27;[39m Running 'C:\Users\prave\AppData\Local\Android\Sdk\platform-tools\adb.exe -P 5037 -s emulator-5554 shell pgrep -f io\\.appium\\.settings'
[debug] &amp#27;[35m[AndroidDriver]&amp#27;[39m io.appium.settings is already running. There is no need to reset its permissions.
[debug] &amp#27;[35m[ADB]&amp#27;[39m Running 'C:\Users\prave\AppData\Local\Android\Sdk\platform-tools\adb.exe -P 5037 -s emulator-5554 shell appops set io.appium.settings android\:mock_location allow'
[debug] &amp#27;[35m[Logcat]&amp#27;[39m Starting logcat capture
[debug] &amp#27;[35m[UiAutomator2]&amp#27;[39m Forwarding UiAutomator2 Server port 6790 to 8210
[debug] &amp#27;[35m[ADB]&amp#27;[39m Forwarding system: 8210 to device: 6790
[debug] &amp#27;[35m[ADB]&amp#27;[39m Running 'C:\Users\prave\AppData\Local\Android\Sdk\platform-tools\adb.exe -P 5037 -s emulator-5554 forward tcp\:8210 tcp\:6790'
[debug] &amp#27;[35m[ADB]&amp#27;[39m Getting install status for io.appium.uiautomator2.server
[debug] &amp#27;[35m[ADB]&amp#27;[39m Running 'C:\Users\prave\AppData\Local\Android\Sdk\platform-tools\adb.exe -P 5037 -s emulator-5554 shell dumpsys package io.appium.uiautomator2.server'
[debug] &amp#27;[35m[ADB]&amp#27;[39m 'io.appium.uiautomator2.server' is installed
[debug] &amp#27;[35m[ADB]&amp#27;[39m Getting package info for 'io.appium.uiautomator2.server'
[debug] &amp#27;[35m[ADB]&amp#27;[39m Running 'C:\Users\prave\AppData\Local\Android\Sdk\platform-tools\adb.exe -P 5037 -s emulator-5554 shell dumpsys package io.appium.uiautomator2.server'
[debug] &amp#27;[35m[ADB]&amp#27;[39m The version name of the installed 'io.appium.uiautomator2.server' is greater or equal to the application version name ('4.5.5' >= '4.5.5')
[debug] &amp#27;[35m[UiAutomator2]&amp#27;[39m io.appium.uiautomator2.server installation state: sameVersionInstalled
[debug] &amp#27;[35m[ADB]&amp#27;[39m Checking app cert for C:\Users\prave\AppData\Roaming\npm\node_modules\appium\node_modules\appium-uiautomator2-server\apks\appium-uiautomator2-server-v4.5.5.apk
&amp#27;[35m[ADB]&amp#27;[39m Using 'apksigner.jar' from 'C:\Users\prave\AppData\Local\Android\Sdk\build-tools\30.0.0\lib\apksigner.jar'
[debug] &amp#27;[35m[ADB]&amp#27;[39m Starting apksigner: 'C:\\Program Files\\Java\\jdk1.8.0_251\\bin\\java.exe' -Xmx1024M -Xss1m -jar C:\\Users\\prave\\AppData\\Local\\Android\\Sdk\\build-tools\\30.0.0\\lib\\apksigner.jar verify --print-certs C:\\Users\\prave\\AppData\\Roaming\\npm\\node_modules\\appium\\node_modules\\appium-uiautomator2-server\\apks\\appium-uiautomator2-server-v4.5.5.apk
&amp#27;[35m[ADB]&amp#27;[39m Cannot use apksigner tool for signature verification. Original error: Command ''C:\\Program Files\\Java\\jdk1.8.0_251\\bin\\java.exe' -Xmx1024M -Xss1m -jar C:\\Users\\prave\\AppData\\Local\\Android\\Sdk\\build-tools\\30.0.0\\lib\\apksigner.jar verify --print-certs C:\\Users\\prave\\AppData\\Roaming\\npm\\node_modules\\appium\\node_modules\\appium-uiautomator2-server\\apks\\appium-uiautomator2-server-v4.5.5.apk' exited with code 1
[debug] &amp#27;[35m[ADB]&amp#27;[39m Defaulting to verify.jar
[debug] &amp#27;[35m[ADB]&amp#27;[39m 'C:\Users\prave\AppData\Roaming\npm\node_modules\appium\node_modules\appium-uiautomator2-server\apks\appium-uiautomator2-server-v4.5.5.apk' is signed with the default certificate
[debug] &amp#27;[35m[ADB]&amp#27;[39m Getting install status for io.appium.uiautomator2.server.test
[debug] &amp#27;[35m[ADB]&amp#27;[39m Running 'C:\Users\prave\AppData\Local\Android\Sdk\platform-tools\adb.exe -P 5037 -s emulator-5554 shell dumpsys package io.appium.uiautomator2.server.test'
[debug] &amp#27;[35m[ADB]&amp#27;[39m 'io.appium.uiautomator2.server.test' is installed
[debug] &amp#27;[35m[ADB]&amp#27;[39m Checking app cert for C:\Users\prave\AppData\Roaming\npm\node_modules\appium\node_modules\appium-uiautomator2-server\apks\appium-uiautomator2-server-debug-androidTest.apk
[debug] &amp#27;[35m[ADB]&amp#27;[39m Starting apksigner: 'C:\\Program Files\\Java\\jdk1.8.0_251\\bin\\java.exe' -Xmx1024M -Xss1m -jar C:\\Users\\prave\\AppData\\Local\\Android\\Sdk\\build-tools\\30.0.0\\lib\\apksigner.jar verify --print-certs C:\\Users\\prave\\AppData\\Roaming\\npm\\node_modules\\appium\\node_modules\\appium-uiautomator2-server\\apks\\appium-uiautomator2-server-debug-androidTest.apk
&amp#27;[35m[ADB]&amp#27;[39m Cannot use apksigner tool for signature verification. Original error: Command ''C:\\Program Files\\Java\\jdk1.8.0_251\\bin\\java.exe' -Xmx1024M -Xss1m -jar C:\\Users\\prave\\AppData\\Local\\Android\\Sdk\\build-tools\\30.0.0\\lib\\apksigner.jar verify --print-certs C:\\Users\\prave\\AppData\\Roaming\\npm\\node_modules\\appium\\node_modules\\appium-uiautomator2-server\\apks\\appium-uiautomator2-server-debug-androidTest.apk' exited with code 1
[debug] &amp#27;[35m[ADB]&amp#27;[39m Defaulting to verify.jar
[debug] &amp#27;[35m[ADB]&amp#27;[39m 'C:\Users\prave\AppData\Roaming\npm\node_modules\appium\node_modules\appium-uiautomator2-server\apks\appium-uiautomator2-server-debug-androidTest.apk' is signed with the default certificate
&amp#27;[35m[UiAutomator2]&amp#27;[39m Server packages are not going to be (re)installed
[debug] &amp#27;[35m[UiAutomator2]&amp#27;[39m Waiting up to 30000ms for services to be available
[debug] &amp#27;[35m[ADB]&amp#27;[39m Running 'C:\Users\prave\AppData\Local\Android\Sdk\platform-tools\adb.exe -P 5037 -s emulator-5554 shell pm list instrumentation'
[debug] &amp#27;[35m[UiAutomator2]&amp#27;[39m Instrumentation target 'io.appium.uiautomator2.server.test/androidx.test.runner.AndroidJUnitRunner' is available
[debug] &amp#27;[35m[ADB]&amp#27;[39m Checking app cert for C:\Users\prave\Documents\Automation\Appium\PageObjectModel\src\General-Store.apk
[debug] &amp#27;[35m[ADB]&amp#27;[39m Starting apksigner: 'C:\\Program Files\\Java\\jdk1.8.0_251\\bin\\java.exe' -Xmx1024M -Xss1m -jar C:\\Users\\prave\\AppData\\Local\\Android\\Sdk\\build-tools\\30.0.0\\lib\\apksigner.jar verify --print-certs C:\\Users\\prave\\Documents\\Automation\\Appium\\PageObjectModel\\src\\General-Store.apk
&amp#27;[35m[ADB]&amp#27;[39m Cannot use apksigner tool for signature verification. Original error: Command ''C:\\Program Files\\Java\\jdk1.8.0_251\\bin\\java.exe' -Xmx1024M -Xss1m -jar C:\\Users\\prave\\AppData\\Local\\Android\\Sdk\\build-tools\\30.0.0\\lib\\apksigner.jar verify --print-certs C:\\Users\\prave\\Documents\\Automation\\Appium\\PageObjectModel\\src\\General-Store.apk' exited with code 1
[debug] &amp#27;[35m[ADB]&amp#27;[39m Defaulting to verify.jar
[debug] &amp#27;[35m[ADB]&amp#27;[39m 'C:\Users\prave\Documents\Automation\Appium\PageObjectModel\src\General-Store.apk' is signed with the default certificate
[debug] &amp#27;[35m[ADB]&amp#27;[39m Getting install status for com.androidsample.generalstore
[debug] &amp#27;[35m[ADB]&amp#27;[39m Running 'C:\Users\prave\AppData\Local\Android\Sdk\platform-tools\adb.exe -P 5037 -s emulator-5554 shell dumpsys package com.androidsample.generalstore'
[debug] &amp#27;[35m[ADB]&amp#27;[39m 'com.androidsample.generalstore' is installed
[debug] &amp#27;[35m[ADB]&amp#27;[39m Getting package info for 'com.androidsample.generalstore'
[debug] &amp#27;[35m[ADB]&amp#27;[39m Running 'C:\Users\prave\AppData\Local\Android\Sdk\platform-tools\adb.exe -P 5037 -s emulator-5554 shell dumpsys package com.androidsample.generalstore'
[debug] &amp#27;[35m[ADB]&amp#27;[39m The version name of the installed 'com.androidsample.generalstore' is greater or equal to the application version name ('1.0.0' >= '1.0.0')
[debug] &amp#27;[35m[ADB]&amp#27;[39m There is no need to install/upgrade 'C:\Users\prave\Documents\Automation\Appium\PageObjectModel\src\General-Store.apk'
&amp#27;[35m[AndroidDriver]&amp#27;[39m Performing fast reset on 'com.androidsample.generalstore'
[debug] &amp#27;[35m[ADB]&amp#27;[39m Getting install status for com.androidsample.generalstore
[debug] &amp#27;[35m[ADB]&amp#27;[39m Running 'C:\Users\prave\AppData\Local\Android\Sdk\platform-tools\adb.exe -P 5037 -s emulator-5554 shell dumpsys package com.androidsample.generalstore'
[debug] &amp#27;[35m[ADB]&amp#27;[39m 'com.androidsample.generalstore' is installed
[debug] &amp#27;[35m[ADB]&amp#27;[39m Running 'C:\Users\prave\AppData\Local\Android\Sdk\platform-tools\adb.exe -P 5037 -s emulator-5554 shell am force-stop com.androidsample.generalstore'
[debug] &amp#27;[35m[ADB]&amp#27;[39m Running 'C:\Users\prave\AppData\Local\Android\Sdk\platform-tools\adb.exe -P 5037 -s emulator-5554 shell pm clear com.androidsample.generalstore'
[debug] &amp#27;[35m[AndroidDriver]&amp#27;[39m Performed fast reset on the installed 'com.androidsample.generalstore' application (stop and clear)
[debug] &amp#27;[35m[UiAutomator2]&amp#27;[39m Performing shallow cleanup of automation leftovers
[debug] &amp#27;[35m[UiAutomator2]&amp#27;[39m The following obsolete sessions are still running: ["2373a418-040b-4422-8062-f693b68fd392"]
[debug] &amp#27;[35m[UiAutomator2]&amp#27;[39m Cleaning up the obsolete sessions
[debug] &amp#27;[35m[ADB]&amp#27;[39m Running 'C:\Users\prave\AppData\Local\Android\Sdk\platform-tools\adb.exe -P 5037 -s emulator-5554 shell am force-stop io.appium.uiautomator2.server.test'
&amp#27;[35m[UiAutomator2]&amp#27;[39m Starting UIAutomator2 server 4.5.5
&amp#27;[35m[UiAutomator2]&amp#27;[39m Using UIAutomator2 server from 'C:\Users\prave\AppData\Roaming\npm\node_modules\appium\node_modules\appium-uiautomator2-server\apks\appium-uiautomator2-server-v4.5.5.apk' and test from 'C:\Users\prave\AppData\Roaming\npm\node_modules\appium\node_modules\appium-uiautomator2-server\apks\appium-uiautomator2-server-debug-androidTest.apk'
&amp#27;[35m[UiAutomator2]&amp#27;[39m Waiting up to 30000ms for UiAutomator2 to be online...
[debug] &amp#27;[35m[ADB]&amp#27;[39m Creating ADB subprocess with args: ["-P",5037,"-s","emulator-5554","shell","am","instrument","-w","io.appium.uiautomator2.server.test/androidx.test.runner.AndroidJUnitRunner"]
[debug] &amp#27;[35m[WD Proxy]&amp#27;[39m Matched '/status' to command name 'getStatus'
[debug] &amp#27;[35m[WD Proxy]&amp#27;[39m Proxying [GET /status] to [GET http://127.0.0.1:8210/wd/hub/status] with no body
&amp#27;[35m[WD Proxy]&amp#27;[39m Got response with unknown status: {"code":"ECONNRESET"}
[debug] &amp#27;[35m[Instrumentation]&amp#27;[39m io.appium.uiautomator2.server.test.AppiumUiAutomator2Server:
[debug] &amp#27;[35m[WD Proxy]&amp#27;[39m Matched '/status' to command name 'getStatus'
[debug] &amp#27;[35m[WD Proxy]&amp#27;[39m Proxying [GET /status] to [GET http://127.0.0.1:8210/wd/hub/status] with no body
&amp#27;[35m[WD Proxy]&amp#27;[39m Got response with unknown status: {"code":"ECONNRESET"}
[debug] &amp#27;[35m[WD Proxy]&amp#27;[39m Matched '/status' to command name 'getStatus'
[debug] &amp#27;[35m[WD Proxy]&amp#27;[39m Proxying [GET /status] to [GET http://127.0.0.1:8210/wd/hub/status] with no body
[debug] &amp#27;[35m[WD Proxy]&amp#27;[39m Got response with status 200: {"sessionId":"None","value":{"ready":true,"message":"UiAutomator2 Server is ready to accept commands"}}
[debug] &amp#27;[35m[UiAutomator2]&amp#27;[39m The initialization of the instrumentation process took 3365ms
[debug] &amp#27;[35m[WD Proxy]&amp#27;[39m Matched '/session' to command name 'createSession'
[debug] &amp#27;[35m[WD Proxy]&amp#27;[39m Proxying [POST /session] to [POST http://127.0.0.1:8210/wd/hub/session] with body: {"capabilities":{"firstMatch":[{"platform":"LINUX","webStorageEnabled":false,"takesScreenshot":true,"javascriptEnabled":true,"databaseEnabled":false,"networkConnectionEnabled":true,"locationContextEnabled":false,"warnings":{},"desired":{"platformName":"android","app":"C:\\Users\\prave\\Documents\\Automation\\Appium\\PageObjectModel\\src\\General-Store.apk","automationName":"uiautomator2","deviceName":"Emulator_P3_OS9"},"platformName":"android","app":"C:\\Users\\prave\\Documents\\Automation\\Appium\\PageObjectModel\\src\\General-Store.apk","automationName":"uiautomator2","deviceName":"emulator-5554","deviceUDID":"emulator-5554","appPackage":"com.androidsample.generalstore"}],"alwaysMatch":{}}}
[debug] &amp#27;[35m[WD Proxy]&amp#27;[39m Got response with status 200: {"sessionId":"dd3f1eb1-400b-4ad9-bc15-4aab1ad36c79","value":{"sessionId":"dd3f1eb1-400b-4ad9-bc15-4aab1ad36c79","capabilities":{"firstMatch":[{"platform":"LINUX","webStorageEnabled":false,"takesScreenshot":true,"javascriptEnabled":true,"databaseEnabled":false,"networkConnectionEnabled":true,"locationContextEnabled":false,"warnings":{},"desired":{"platformName":"android","app":"C:\\Users\\prave\\Documents\\Automation\\Appium\\PageObjectModel\\src\\General-Store.apk","automationName":"uiautomator2","deviceName":"Emulator_P3_OS9"},"platformName":"android","app":"C:\\Users\\prave\\Documents\\Automation\\Appium\\PageObjectModel\\src\\General-Store.apk","automationName":"uiautomator2","deviceName":"emulator-5554","deviceUDID":"emulator-5554","appPackage":"com.androidsample.generalstore"}],"alwaysMatch":{}}}}
&amp#27;[35m[WD Proxy]&amp#27;[39m Determined the downstream protocol as 'W3C'
[debug] &amp#27;[35m[WD Proxy]&amp#27;[39m Proxying [GET /appium/device/info] to [GET http://127.0.0.1:8210/wd/hub/session/dd3f1eb1-400b-4ad9-bc15-4aab1ad36c79/appium/device/info] with no body
[debug] &amp#27;[35m[WD Proxy]&amp#27;[39m Got response with status 200: {"sessionId":"dd3f1eb1-400b-4ad9-bc15-4aab1ad36c79","value":{"androidId":"7531a6f24450dcbe","manufacturer":"Google","model":"AOSP on IA Emulator","brand":"google","apiVersion":"28","platformVersion":"9","carrierName":"Android","realDisplaySize":"1080x2160","displayDensity":440,"networks":[{"type":0,"typeName":"MOBILE","subtype":13,"subtypeName":"LTE","isConnected":true,"detailedState":"CONNECTED","state":"CONNECTED","extraInfo":"epc.tmobile.com","isAvailable":true,"isFailover":false,"isRoaming":false,"capabilities":{"transportTypes":"TRANSPORT_CELLULAR","networkCapabilities":"NET_CAPABILITY_MMS,NET_CAPABILITY_SUPL,NET_CAPABILITY_DUN,NET_CAPABILITY_FOTA,NET_CAPABILITY_IMS,NET_CAPABILITY_CBS,NET_CAPABILITY_IA,NET_CAPABILITY_INTERNET,NET_CAPABILITY_NOT_RESTRICTED,NET_CAPABILITY_TRUSTED,NET_CAPABILITY_NOT_VPN,NET_CAPABILITY_VALIDATED,NET_CAPABILITY_NOT_ROAMING,NET_CAPABILITY_NOT_CONGESTED,NET_CAPABILITY_NOT_SUSPENDED","linkUpstreamBandwidthKbps":51200,"linkDownBandwidthKbps":102400,"signalStrength":-2147483648...
[debug] &amp#27;[35m[ADB]&amp#27;[39m Running 'C:\Users\prave\AppData\Local\Android\Sdk\platform-tools\adb.exe -P 5037 -s emulator-5554 shell dumpsys window'
&amp#27;[35m[AndroidDriver]&amp#27;[39m Screen already unlocked, doing nothing
&amp#27;[35m[UiAutomator2]&amp#27;[39m Starting 'com.androidsample.generalstore/com.androidsample.generalstore.SplashActivity and waiting for 'com.androidsample.generalstore/com.androidsample.generalstore.SplashActivity'
[debug] &amp#27;[35m[ADB]&amp#27;[39m Running 'C:\Users\prave\AppData\Local\Android\Sdk\platform-tools\adb.exe -P 5037 -s emulator-5554 shell am start -W -n com.androidsample.generalstore/com.androidsample.generalstore.SplashActivity -S -a android.intent.action.MAIN -c android.intent.category.LAUNCHER -f 0x10200000'
[debug] &amp#27;[35m[ADB]&amp#27;[39m Waiting up to 20000ms for activity matching pkg: 'com.androidsample.generalstore' and activity: 'com.androidsample.generalstore.SplashActivity' to be focused
[debug] &amp#27;[35m[ADB]&amp#27;[39m Possible activities, to be checked: 'com.androidsample.generalstore.SplashActivity', 'com.androidsample.generalstore.com.androidsample.generalstore.SplashActivity'
[debug] &amp#27;[35m[ADB]&amp#27;[39m Getting focused package and activity
[debug] &amp#27;[35m[ADB]&amp#27;[39m Running 'C:\Users\prave\AppData\Local\Android\Sdk\platform-tools\adb.exe -P 5037 -s emulator-5554 shell dumpsys window windows'
[debug] &amp#27;[35m[ADB]&amp#27;[39m Found package: 'com.androidsample.generalstore' and fully qualified activity name : 'com.androidsample.generalstore.SplashActivity'
[debug] &amp#27;[35m[WD Proxy]&amp#27;[39m Proxying [GET /appium/device/pixel_ratio] to [GET http://127.0.0.1:8210/wd/hub/session/dd3f1eb1-400b-4ad9-bc15-4aab1ad36c79/appium/device/pixel_ratio] with body: {}
[debug] &amp#27;[35m[WD Proxy]&amp#27;[39m Got response with status 200: {"sessionId":"dd3f1eb1-400b-4ad9-bc15-4aab1ad36c79","value":2.75}
[debug] &amp#27;[35m[WD Proxy]&amp#27;[39m Matched '/appium/device/system_bars' to command name 'getSystemBars'
[debug] &amp#27;[35m[WD Proxy]&amp#27;[39m Proxying [GET /appium/device/system_bars] to [GET http://127.0.0.1:8210/wd/hub/session/dd3f1eb1-400b-4ad9-bc15-4aab1ad36c79/appium/device/system_bars] with body: {}
[debug] &amp#27;[35m[WD Proxy]&amp#27;[39m Got response with status 200: {"sessionId":"dd3f1eb1-400b-4ad9-bc15-4aab1ad36c79","value":{"statusBar":66}}
[debug] &amp#27;[35m[WD Proxy]&amp#27;[39m Matched '/window/current/size' to command name 'getWindowSize'
[debug] &amp#27;[35m[WD Proxy]&amp#27;[39m Proxying [GET /window/current/size] to [GET http://127.0.0.1:8210/wd/hub/session/dd3f1eb1-400b-4ad9-bc15-4aab1ad36c79/window/current/size] with body: {}
[debug] &amp#27;[35m[WD Proxy]&amp#27;[39m Got response with status 200: {"sessionId":"dd3f1eb1-400b-4ad9-bc15-4aab1ad36c79","value":{"height":2028,"width":1080}}
&amp#27;[35m[Appium]&amp#27;[39m New AndroidUiautomator2Driver session created successfully, session 4fb4d2a5-d239-4e93-b0de-267d144674a7 added to master session list
[debug] &amp#27;[35m[BaseDriver]&amp#27;[39m Event 'newSessionStarted' logged at 1592664807008 (20:23:27 GMT+0530 (India Standard Time))
[debug] &amp#27;[35m[W3C (4fb4d2a5)]&amp#27;[39m Cached the protocol value 'W3C' for the new session 4fb4d2a5-d239-4e93-b0de-267d144674a7
[debug] &amp#27;[35m[W3C (4fb4d2a5)]&amp#27;[39m Responding to client with driver.createSession() result: {"capabilities":{"platform":"LINUX","webStorageEnabled":false,"takesScreenshot":true,"javascriptEnabled":true,"databaseEnabled":false,"networkConnectionEnabled":true,"locationContextEnabled":false,"warnings":{},"desired":{"platformName":"android","app":"C:\\Users\\prave\\Documents\\Automation\\Appium\\PageObjectModel\\src\\General-Store.apk","automationName":"uiautomator2","deviceName":"Emulator_P3_OS9"},"platformName":"android","app":"C:\\Users\\prave\\Documents\\Automation\\Appium\\PageObjectModel\\src\\General-Store.apk","automationName":"uiautomator2","deviceName":"emulator-5554","deviceUDID":"emulator-5554","appPackage":"com.androidsample.generalstore","deviceApiLevel":28,"platformVersion":"9","deviceScreenSize":"1080x2160","deviceScreenDensity":440,"deviceModel":"AOSP on IA Emulator","deviceManufacturer":"Google","pixelRatio":2.75,"statBarHeight":66,"viewportRect":{"left":0,"top":66,"width":1080,"height":1962}}}
&amp#27;[35m[HTTP]&amp#27;[39m &amp#27;[37m<-- POST /wd/hub/session &amp#27;[39m&amp#27;[32m200&amp#27;[39m &amp#27;[90m16043 ms - 992&amp#27;[39m
&amp#27;[35m[HTTP]&amp#27;[39m &amp#27;[90m&amp#27;[39m
&amp#27;[35m[HTTP]&amp#27;[39m &amp#27;[37m-->&amp#27;[39m &amp#27;[37mPOST&amp#27;[39m &amp#27;[37m/wd/hub/session/4fb4d2a5-d239-4e93-b0de-267d144674a7/timeouts&amp#27;[39m
&amp#27;[35m[HTTP]&amp#27;[39m &amp#27;[90m{"implicit":10000}&amp#27;[39m
[debug] &amp#27;[35m[W3C (4fb4d2a5)]&amp#27;[39m Calling AppiumDriver.timeouts() with args: [null,null,null,null,10000,"4fb4d2a5-d239-4e93-b0de-267d144674a7"]
[debug] &amp#27;[35m[BaseDriver]&amp#27;[39m W3C timeout argument: {"implicit":10000}}
[debug] &amp#27;[35m[BaseDriver]&amp#27;[39m Set implicit wait to 10000ms
[debug] &amp#27;[35m[W3C (4fb4d2a5)]&amp#27;[39m Responding to client with driver.timeouts() result: null
&amp#27;[35m[HTTP]&amp#27;[39m &amp#27;[37m<-- POST /wd/hub/session/4fb4d2a5-d239-4e93-b0de-267d144674a7/timeouts &amp#27;[39m&amp#27;[32m200&amp#27;[39m &amp#27;[90m9 ms - 14&amp#27;[39m
&amp#27;[35m[HTTP]&amp#27;[39m &amp#27;[90m&amp#27;[39m
&amp#27;[35m[HTTP]&amp#27;[39m &amp#27;[37m-->&amp#27;[39m &amp#27;[37mPOST&amp#27;[39m &amp#27;[37m/wd/hub/session/4fb4d2a5-d239-4e93-b0de-267d144674a7/timeouts&amp#27;[39m
&amp#27;[35m[HTTP]&amp#27;[39m &amp#27;[90m{"implicit":10000}&amp#27;[39m
[debug] &amp#27;[35m[W3C (4fb4d2a5)]&amp#27;[39m Calling AppiumDriver.timeouts() with args: [null,null,null,null,10000,"4fb4d2a5-d239-4e93-b0de-267d144674a7"]
[debug] &amp#27;[35m[BaseDriver]&amp#27;[39m W3C timeout argument: {"implicit":10000}}
[debug] &amp#27;[35m[BaseDriver]&amp#27;[39m Set implicit wait to 10000ms
[debug] &amp#27;[35m[W3C (4fb4d2a5)]&amp#27;[39m Responding to client with driver.timeouts() result: null
&amp#27;[35m[HTTP]&amp#27;[39m &amp#27;[37m<-- POST /wd/hub/session/4fb4d2a5-d239-4e93-b0de-267d144674a7/timeouts &amp#27;[39m&amp#27;[32m200&amp#27;[39m &amp#27;[90m3 ms - 14&amp#27;[39m
&amp#27;[35m[HTTP]&amp#27;[39m &amp#27;[90m&amp#27;[39m
&amp#27;[35m[HTTP]&amp#27;[39m &amp#27;[37m-->&amp#27;[39m &amp#27;[37mGET&amp#27;[39m &amp#27;[37m/wd/hub/session/4fb4d2a5-d239-4e93-b0de-267d144674a7/context&amp#27;[39m
&amp#27;[35m[HTTP]&amp#27;[39m &amp#27;[90m{}&amp#27;[39m
[debug] &amp#27;[35m[W3C (4fb4d2a5)]&amp#27;[39m Calling AppiumDriver.getCurrentContext() with args: ["4fb4d2a5-d239-4e93-b0de-267d144674a7"]
[debug] &amp#27;[35m[W3C (4fb4d2a5)]&amp#27;[39m Responding to client with driver.getCurrentContext() result: "NATIVE_APP"
&amp#27;[35m[HTTP]&amp#27;[39m &amp#27;[37m<-- GET /wd/hub/session/4fb4d2a5-d239-4e93-b0de-267d144674a7/context &amp#27;[39m&amp#27;[32m200&amp#27;[39m &amp#27;[90m11 ms - 22&amp#27;[39m
&amp#27;[35m[HTTP]&amp#27;[39m &amp#27;[90m&amp#27;[39m
&amp#27;[35m[HTTP]&amp#27;[39m &amp#27;[37m-->&amp#27;[39m &amp#27;[37mPOST&amp#27;[39m &amp#27;[37m/wd/hub/session/4fb4d2a5-d239-4e93-b0de-267d144674a7/element&amp#27;[39m
&amp#27;[35m[HTTP]&amp#27;[39m &amp#27;[90m{"using":"id","value":"com.androidsample.generalstore:id/nameField"}&amp#27;[39m
[debug] &amp#27;[35m[W3C (4fb4d2a5)]&amp#27;[39m Calling AppiumDriver.findElement() with args: ["id","com.androidsample.generalstore:id/nameField","4fb4d2a5-d239-4e93-b0de-267d144674a7"]
[debug] &amp#27;[35m[BaseDriver]&amp#27;[39m Valid locator strategies for this request: xpath, id, class name, accessibility id, -android uiautomator
[debug] &amp#27;[35m[BaseDriver]&amp#27;[39m Waiting up to 10000 ms for condition
[debug] &amp#27;[35m[WD Proxy]&amp#27;[39m Matched '/element' to command name 'findElement'
[debug] &amp#27;[35m[WD Proxy]&amp#27;[39m Proxying [POST /element] to [POST http://127.0.0.1:8210/wd/hub/session/dd3f1eb1-400b-4ad9-bc15-4aab1ad36c79/element] with body: {"strategy":"id","selector":"com.androidsample.generalstore:id/nameField","context":"","multiple":false}
&amp#27;[35m[WD Proxy]&amp#27;[39m Got response with status 404: {"sessionId":"dd3f1eb1-400b-4ad9-bc15-4aab1ad36c79","value":{"error":"no such element","message":"An element could not be located on the page using the given search parameters","stacktrace":"io.appium.uiautomator2.common.exceptions.ElementNotFoundException: An element could not be located on the page using the given search parameters\n\tat io.appium.uiautomator2.handler.FindElement.safeHandle(FindElement.java:78)\n\tat io.appium.uiautomator2.handler.request.SafeRequestHandler.handle(SafeRequestHandler.java:38)\n\tat io.appium.uiautomator2.server.AppiumServlet.handleRequest(AppiumServlet.java:252)\n\tat io.appium.uiautomator2.server.AppiumServlet.handleHttpRequest(AppiumServlet.java:242)\n\tat io.appium.uiautomator2.http.ServerHandler.channelRead(ServerHandler.java:51)\n\tat io.netty.channel.AbstractChannelHandlerContext.invokeChannelRead(AbstractChannelHandlerContext.java:366)\n\tat io.netty.channel.AbstractChannelHandlerContext.invokeChannelRead(AbstractChannelHandlerContext.java:352)\n\tat io.netty.chann...
[debug] &amp#27;[35m[W3C]&amp#27;[39m Matched W3C error code 'no such element' to NoSuchElementError
[debug] &amp#27;[35m[BaseDriver]&amp#27;[39m Waited for 99 ms so far
[debug] &amp#27;[35m[WD Proxy]&amp#27;[39m Matched '/element' to command name 'findElement'
[debug] &amp#27;[35m[WD Proxy]&amp#27;[39m Proxying [POST /element] to [POST http://127.0.0.1:8210/wd/hub/session/dd3f1eb1-400b-4ad9-bc15-4aab1ad36c79/element] with body: {"strategy":"id","selector":"com.androidsample.generalstore:id/nameField","context":"","multiple":false}
&amp#27;[35m[WD Proxy]&amp#27;[39m Got response with status 404: {"sessionId":"dd3f1eb1-400b-4ad9-bc15-4aab1ad36c79","value":{"error":"no such element","message":"An element could not be located on the page using the given search parameters","stacktrace":"io.appium.uiautomator2.common.exceptions.ElementNotFoundException: An element could not be located on the page using the given search parameters\n\tat io.appium.uiautomator2.handler.FindElement.safeHandle(FindElement.java:78)\n\tat io.appium.uiautomator2.handler.request.SafeRequestHandler.handle(SafeRequestHandler.java:38)\n\tat io.appium.uiautomator2.server.AppiumServlet.handleRequest(AppiumServlet.java:252)\n\tat io.appium.uiautomator2.server.AppiumServlet.handleHttpRequest(AppiumServlet.java:242)\n\tat io.appium.uiautomator2.http.ServerHandler.channelRead(ServerHandler.java:51)\n\tat io.netty.channel.AbstractChannelHandlerContext.invokeChannelRead(AbstractChannelHandlerContext.java:366)\n\tat io.netty.channel.AbstractChannelHandlerContext.invokeChannelRead(AbstractChannelHandlerContext.java:352)\n\tat io.netty.chann...
[debug] &amp#27;[35m[W3C]&amp#27;[39m Matched W3C error code 'no such element' to NoSuchElementError
[debug] &amp#27;[35m[BaseDriver]&amp#27;[39m Waited for 641 ms so far
[debug] &amp#27;[35m[WD Proxy]&amp#27;[39m Matched '/element' to command name 'findElement'
[debug] &amp#27;[35m[WD Proxy]&amp#27;[39m Proxying [POST /element] to [POST http://127.0.0.1:8210/wd/hub/session/dd3f1eb1-400b-4ad9-bc15-4aab1ad36c79/element] with body: {"strategy":"id","selector":"com.androidsample.generalstore:id/nameField","context":"","multiple":false}
&amp#27;[35m[WD Proxy]&amp#27;[39m Got response with status 404: {"sessionId":"dd3f1eb1-400b-4ad9-bc15-4aab1ad36c79","value":{"error":"no such element","message":"An element could not be located on the page using the given search parameters","stacktrace":"io.appium.uiautomator2.common.exceptions.ElementNotFoundException: An element could not be located on the page using the given search parameters\n\tat io.appium.uiautomator2.handler.FindElement.safeHandle(FindElement.java:78)\n\tat io.appium.uiautomator2.handler.request.SafeRequestHandler.handle(SafeRequestHandler.java:38)\n\tat io.appium.uiautomator2.server.AppiumServlet.handleRequest(AppiumServlet.java:252)\n\tat io.appium.uiautomator2.server.AppiumServlet.handleHttpRequest(AppiumServlet.java:242)\n\tat io.appium.uiautomator2.http.ServerHandler.channelRead(ServerHandler.java:51)\n\tat io.netty.channel.AbstractChannelHandlerContext.invokeChannelRead(AbstractChannelHandlerContext.java:366)\n\tat io.netty.channel.AbstractChannelHandlerContext.invokeChannelRead(AbstractChannelHandlerContext.java:352)\n\tat io.netty.chann...
[debug] &amp#27;[35m[W3C]&amp#27;[39m Matched W3C error code 'no such element' to NoSuchElementError
[debug] &amp#27;[35m[BaseDriver]&amp#27;[39m Waited for 1195 ms so far
[debug] &amp#27;[35m[WD Proxy]&amp#27;[39m Matched '/element' to command name 'findElement'
[debug] &amp#27;[35m[WD Proxy]&amp#27;[39m Proxying [POST /element] to [POST http://127.0.0.1:8210/wd/hub/session/dd3f1eb1-400b-4ad9-bc15-4aab1ad36c79/element] with body: {"strategy":"id","selector":"com.androidsample.generalstore:id/nameField","context":"","multiple":false}
&amp#27;[35m[WD Proxy]&amp#27;[39m Got response with status 404: {"sessionId":"dd3f1eb1-400b-4ad9-bc15-4aab1ad36c79","value":{"error":"no such element","message":"An element could not be located on the page using the given search parameters","stacktrace":"io.appium.uiautomator2.common.exceptions.ElementNotFoundException: An element could not be located on the page using the given search parameters\n\tat io.appium.uiautomator2.handler.FindElement.safeHandle(FindElement.java:78)\n\tat io.appium.uiautomator2.handler.request.SafeRequestHandler.handle(SafeRequestHandler.java:38)\n\tat io.appium.uiautomator2.server.AppiumServlet.handleRequest(AppiumServlet.java:252)\n\tat io.appium.uiautomator2.server.AppiumServlet.handleHttpRequest(AppiumServlet.java:242)\n\tat io.appium.uiautomator2.http.ServerHandler.channelRead(ServerHandler.java:51)\n\tat io.netty.channel.AbstractChannelHandlerContext.invokeChannelRead(AbstractChannelHandlerContext.java:366)\n\tat io.netty.channel.AbstractChannelHandlerContext.invokeChannelRead(AbstractChannelHandlerContext.java:352)\n\tat io.netty.chann...
[debug] &amp#27;[35m[W3C]&amp#27;[39m Matched W3C error code 'no such element' to NoSuchElementError
[debug] &amp#27;[35m[BaseDriver]&amp#27;[39m Waited for 1760 ms so far
[debug] &amp#27;[35m[WD Proxy]&amp#27;[39m Matched '/element' to command name 'findElement'
[debug] &amp#27;[35m[WD Proxy]&amp#27;[39m Proxying [POST /element] to [POST http://127.0.0.1:8210/wd/hub/session/dd3f1eb1-400b-4ad9-bc15-4aab1ad36c79/element] with body: {"strategy":"id","selector":"com.androidsample.generalstore:id/nameField","context":"","multiple":false}
[debug] &amp#27;[35m[WD Proxy]&amp#27;[39m Got response with status 200: {"sessionId":"dd3f1eb1-400b-4ad9-bc15-4aab1ad36c79","value":{"ELEMENT":"55c96568-9c93-48ed-b950-1f58918dcf70","element-6066-11e4-a52e-4f735466cecf":"55c96568-9c93-48ed-b950-1f58918dcf70"}}
[debug] &amp#27;[35m[W3C (4fb4d2a5)]&amp#27;[39m Responding to client with driver.findElement() result: {"element-6066-11e4-a52e-4f735466cecf":"55c96568-9c93-48ed-b950-1f58918dcf70","ELEMENT":"55c96568-9c93-48ed-b950-1f58918dcf70"}
&amp#27;[35m[HTTP]&amp#27;[39m &amp#27;[37m<-- POST /wd/hub/session/4fb4d2a5-d239-4e93-b0de-267d144674a7/element &amp#27;[39m&amp#27;[32m200&amp#27;[39m &amp#27;[90m3273 ms - 137&amp#27;[39m
&amp#27;[35m[HTTP]&amp#27;[39m &amp#27;[90m&amp#27;[39m
&amp#27;[35m[HTTP]&amp#27;[39m &amp#27;[37m-->&amp#27;[39m &amp#27;[37mPOST&amp#27;[39m &amp#27;[37m/wd/hub/session/4fb4d2a5-d239-4e93-b0de-267d144674a7/element/55c96568-9c93-48ed-b950-1f58918dcf70/value&amp#27;[39m
&amp#27;[35m[HTTP]&amp#27;[39m &amp#27;[90m{"id":"55c96568-9c93-48ed-b950-1f58918dcf70","text":"hello","value":["h","e","l","l","o"]}&amp#27;[39m
[debug] &amp#27;[35m[W3C (4fb4d2a5)]&amp#27;[39m Calling AppiumDriver.setValue() with args: [["h","e","l","l","o"],"55c96568-9c93-48ed-b950-1f58918dcf70","4fb4d2a5-d239-4e93-b0de-267d144674a7"]
[debug] &amp#27;[35m[WD Proxy]&amp#27;[39m Matched '/element/55c96568-9c93-48ed-b950-1f58918dcf70/value' to command name 'setValue'
[debug] &amp#27;[35m[Protocol Converter]&amp#27;[39m Added 'value' property ["h","e","l","l","o"] to 'setValue' request body
[debug] &amp#27;[35m[WD Proxy]&amp#27;[39m Proxying [POST /element/55c96568-9c93-48ed-b950-1f58918dcf70/value] to [POST http://127.0.0.1:8210/wd/hub/session/dd3f1eb1-400b-4ad9-bc15-4aab1ad36c79/element/55c96568-9c93-48ed-b950-1f58918dcf70/value] with body: {"elementId":"55c96568-9c93-48ed-b950-1f58918dcf70","text":"hello","replace":false,"value":["h","e","l","l","o"]}
[debug] &amp#27;[35m[WD Proxy]&amp#27;[39m Got response with status 200: {"sessionId":"dd3f1eb1-400b-4ad9-bc15-4aab1ad36c79","value":null}
[debug] &amp#27;[35m[W3C (4fb4d2a5)]&amp#27;[39m Responding to client with driver.setValue() result: null
&amp#27;[35m[HTTP]&amp#27;[39m &amp#27;[37m<-- POST /wd/hub/session/4fb4d2a5-d239-4e93-b0de-267d144674a7/element/55c96568-9c93-48ed-b950-1f58918dcf70/value &amp#27;[39m&amp#27;[32m200&amp#27;[39m &amp#27;[90m566 ms - 14&amp#27;[39m
&amp#27;[35m[HTTP]&amp#27;[39m &amp#27;[90m&amp#27;[39m
&amp#27;[35m[HTTP]&amp#27;[39m &amp#27;[37m-->&amp#27;[39m &amp#27;[37mPOST&amp#27;[39m &amp#27;[37m/wd/hub/session/4fb4d2a5-d239-4e93-b0de-267d144674a7/appium/device/hide_keyboard&amp#27;[39m
&amp#27;[35m[HTTP]&amp#27;[39m &amp#27;[90m{}&amp#27;[39m
[debug] &amp#27;[35m[W3C (4fb4d2a5)]&amp#27;[39m Calling AppiumDriver.hideKeyboard() with args: [null,null,null,null,"4fb4d2a5-d239-4e93-b0de-267d144674a7"]
[debug] &amp#27;[35m[ADB]&amp#27;[39m Running 'C:\Users\prave\AppData\Local\Android\Sdk\platform-tools\adb.exe -P 5037 -s emulator-5554 shell dumpsys input_method'
&amp#27;[35m[AndroidDriver]&amp#27;[39m Keyboard has no UI; no closing necessary
[debug] &amp#27;[35m[W3C (4fb4d2a5)]&amp#27;[39m Responding to client with driver.hideKeyboard() result: null
&amp#27;[35m[HTTP]&amp#27;[39m &amp#27;[37m<-- POST /wd/hub/session/4fb4d2a5-d239-4e93-b0de-267d144674a7/appium/device/hide_keyboard &amp#27;[39m&amp#27;[32m200&amp#27;[39m &amp#27;[90m431 ms - 14&amp#27;[39m
&amp#27;[35m[HTTP]&amp#27;[39m &amp#27;[90m&amp#27;[39m
&amp#27;[35m[HTTP]&amp#27;[39m &amp#27;[37m-->&amp#27;[39m &amp#27;[37mGET&amp#27;[39m &amp#27;[37m/wd/hub/session/4fb4d2a5-d239-4e93-b0de-267d144674a7/context&amp#27;[39m
&amp#27;[35m[HTTP]&amp#27;[39m &amp#27;[90m{}&amp#27;[39m
[debug] &amp#27;[35m[W3C (4fb4d2a5)]&amp#27;[39m Calling AppiumDriver.getCurrentContext() with args: ["4fb4d2a5-d239-4e93-b0de-267d144674a7"]
[debug] &amp#27;[35m[W3C (4fb4d2a5)]&amp#27;[39m Responding to client with driver.getCurrentContext() result: "NATIVE_APP"
&amp#27;[35m[HTTP]&amp#27;[39m &amp#27;[37m<-- GET /wd/hub/session/4fb4d2a5-d239-4e93-b0de-267d144674a7/context &amp#27;[39m&amp#27;[32m200&amp#27;[39m &amp#27;[90m2 ms - 22&amp#27;[39m
&amp#27;[35m[HTTP]&amp#27;[39m &amp#27;[90m&amp#27;[39m
&amp#27;[35m[HTTP]&amp#27;[39m &amp#27;[37m-->&amp#27;[39m &amp#27;[37mPOST&amp#27;[39m &amp#27;[37m/wd/hub/session/4fb4d2a5-d239-4e93-b0de-267d144674a7/element&amp#27;[39m
&amp#27;[35m[HTTP]&amp#27;[39m &amp#27;[90m{"using":"id","value":"com.androidsample.generalstore:id/radioFemale"}&amp#27;[39m
[debug] &amp#27;[35m[W3C (4fb4d2a5)]&amp#27;[39m Calling AppiumDriver.findElement() with args: ["id","com.androidsample.generalstore:id/radioFemale","4fb4d2a5-d239-4e93-b0de-267d144674a7"]
[debug] &amp#27;[35m[BaseDriver]&amp#27;[39m Valid locator strategies for this request: xpath, id, class name, accessibility id, -android uiautomator
[debug] &amp#27;[35m[BaseDriver]&amp#27;[39m Waiting up to 10000 ms for condition
[debug] &amp#27;[35m[WD Proxy]&amp#27;[39m Matched '/element' to command name 'findElement'
[debug] &amp#27;[35m[WD Proxy]&amp#27;[39m Proxying [POST /element] to [POST http://127.0.0.1:8210/wd/hub/session/dd3f1eb1-400b-4ad9-bc15-4aab1ad36c79/element] with body: {"strategy":"id","selector":"com.androidsample.generalstore:id/radioFemale","context":"","multiple":false}
[debug] &amp#27;[35m[WD Proxy]&amp#27;[39m Got response with status 200: {"sessionId":"dd3f1eb1-400b-4ad9-bc15-4aab1ad36c79","value":{"ELEMENT":"c6265055-d8a1-44ca-ab31-f25b896e2fdf","element-6066-11e4-a52e-4f735466cecf":"c6265055-d8a1-44ca-ab31-f25b896e2fdf"}}
[debug] &amp#27;[35m[W3C (4fb4d2a5)]&amp#27;[39m Responding to client with driver.findElement() result: {"element-6066-11e4-a52e-4f735466cecf":"c6265055-d8a1-44ca-ab31-f25b896e2fdf","ELEMENT":"c6265055-d8a1-44ca-ab31-f25b896e2fdf"}
&amp#27;[35m[HTTP]&amp#27;[39m &amp#27;[37m<-- POST /wd/hub/session/4fb4d2a5-d239-4e93-b0de-267d144674a7/element &amp#27;[39m&amp#27;[32m200&amp#27;[39m &amp#27;[90m68 ms - 137&amp#27;[39m
&amp#27;[35m[HTTP]&amp#27;[39m &amp#27;[90m&amp#27;[39m
&amp#27;[35m[HTTP]&amp#27;[39m &amp#27;[37m-->&amp#27;[39m &amp#27;[37mPOST&amp#27;[39m &amp#27;[37m/wd/hub/session/4fb4d2a5-d239-4e93-b0de-267d144674a7/element/c6265055-d8a1-44ca-ab31-f25b896e2fdf/click&amp#27;[39m
&amp#27;[35m[HTTP]&amp#27;[39m &amp#27;[90m{"id":"c6265055-d8a1-44ca-ab31-f25b896e2fdf"}&amp#27;[39m
[debug] &amp#27;[35m[W3C (4fb4d2a5)]&amp#27;[39m Calling AppiumDriver.click() with args: ["c6265055-d8a1-44ca-ab31-f25b896e2fdf","4fb4d2a5-d239-4e93-b0de-267d144674a7"]
[debug] &amp#27;[35m[WD Proxy]&amp#27;[39m Matched '/element/c6265055-d8a1-44ca-ab31-f25b896e2fdf/click' to command name 'click'
[debug] &amp#27;[35m[WD Proxy]&amp#27;[39m Proxying [POST /element/c6265055-d8a1-44ca-ab31-f25b896e2fdf/click] to [POST http://127.0.0.1:8210/wd/hub/session/dd3f1eb1-400b-4ad9-bc15-4aab1ad36c79/element/c6265055-d8a1-44ca-ab31-f25b896e2fdf/click] with body: {"element":"c6265055-d8a1-44ca-ab31-f25b896e2fdf"}
[debug] &amp#27;[35m[WD Proxy]&amp#27;[39m Got response with status 200: {"sessionId":"dd3f1eb1-400b-4ad9-bc15-4aab1ad36c79","value":null}
[debug] &amp#27;[35m[W3C (4fb4d2a5)]&amp#27;[39m Responding to client with driver.click() result: null
&amp#27;[35m[HTTP]&amp#27;[39m &amp#27;[37m<-- POST /wd/hub/session/4fb4d2a5-d239-4e93-b0de-267d144674a7/element/c6265055-d8a1-44ca-ab31-f25b896e2fdf/click &amp#27;[39m&amp#27;[32m200&amp#27;[39m &amp#27;[90m26 ms - 14&amp#27;[39m
&amp#27;[35m[HTTP]&amp#27;[39m &amp#27;[90m&amp#27;[39m
&amp#27;[35m[HTTP]&amp#27;[39m &amp#27;[37m-->&amp#27;[39m &amp#27;[37mGET&amp#27;[39m &amp#27;[37m/wd/hub/session/4fb4d2a5-d239-4e93-b0de-267d144674a7/context&amp#27;[39m
&amp#27;[35m[HTTP]&amp#27;[39m &amp#27;[90m{}&amp#27;[39m
[debug] &amp#27;[35m[W3C (4fb4d2a5)]&amp#27;[39m Calling AppiumDriver.getCurrentContext() with args: ["4fb4d2a5-d239-4e93-b0de-267d144674a7"]
[debug] &amp#27;[35m[W3C (4fb4d2a5)]&amp#27;[39m Responding to client with driver.getCurrentContext() result: "NATIVE_APP"
&amp#27;[35m[HTTP]&amp#27;[39m &amp#27;[37m<-- GET /wd/hub/session/4fb4d2a5-d239-4e93-b0de-267d144674a7/context &amp#27;[39m&amp#27;[32m200&amp#27;[39m &amp#27;[90m1 ms - 22&amp#27;[39m
&amp#27;[35m[HTTP]&amp#27;[39m &amp#27;[90m&amp#27;[39m
&amp#27;[35m[HTTP]&amp#27;[39m &amp#27;[37m-->&amp#27;[39m &amp#27;[37mPOST&amp#27;[39m &amp#27;[37m/wd/hub/session/4fb4d2a5-d239-4e93-b0de-267d144674a7/element&amp#27;[39m
&amp#27;[35m[HTTP]&amp#27;[39m &amp#27;[90m{"using":"id","value":"android:id/text1"}&amp#27;[39m
[debug] &amp#27;[35m[W3C (4fb4d2a5)]&amp#27;[39m Calling AppiumDriver.findElement() with args: ["id","android:id/text1","4fb4d2a5-d239-4e93-b0de-267d144674a7"]
[debug] &amp#27;[35m[BaseDriver]&amp#27;[39m Valid locator strategies for this request: xpath, id, class name, accessibility id, -android uiautomator
[debug] &amp#27;[35m[BaseDriver]&amp#27;[39m Waiting up to 10000 ms for condition
[debug] &amp#27;[35m[WD Proxy]&amp#27;[39m Matched '/element' to command name 'findElement'
[debug] &amp#27;[35m[WD Proxy]&amp#27;[39m Proxying [POST /element] to [POST http://127.0.0.1:8210/wd/hub/session/dd3f1eb1-400b-4ad9-bc15-4aab1ad36c79/element] with body: {"strategy":"id","selector":"android:id/text1","context":"","multiple":false}
[debug] &amp#27;[35m[WD Proxy]&amp#27;[39m Got response with status 200: {"sessionId":"dd3f1eb1-400b-4ad9-bc15-4aab1ad36c79","value":{"ELEMENT":"894b6ce2-b131-45c5-a7cf-89906e58dcd8","element-6066-11e4-a52e-4f735466cecf":"894b6ce2-b131-45c5-a7cf-89906e58dcd8"}}
[debug] &amp#27;[35m[W3C (4fb4d2a5)]&amp#27;[39m Responding to client with driver.findElement() result: {"element-6066-11e4-a52e-4f735466cecf":"894b6ce2-b131-45c5-a7cf-89906e58dcd8","ELEMENT":"894b6ce2-b131-45c5-a7cf-89906e58dcd8"}
&amp#27;[35m[HTTP]&amp#27;[39m &amp#27;[37m<-- POST /wd/hub/session/4fb4d2a5-d239-4e93-b0de-267d144674a7/element &amp#27;[39m&amp#27;[32m200&amp#27;[39m &amp#27;[90m102 ms - 137&amp#27;[39m
&amp#27;[35m[HTTP]&amp#27;[39m &amp#27;[90m&amp#27;[39m
&amp#27;[35m[HTTP]&amp#27;[39m &amp#27;[37m-->&amp#27;[39m &amp#27;[37mPOST&amp#27;[39m &amp#27;[37m/wd/hub/session/4fb4d2a5-d239-4e93-b0de-267d144674a7/element/894b6ce2-b131-45c5-a7cf-89906e58dcd8/click&amp#27;[39m
&amp#27;[35m[HTTP]&amp#27;[39m &amp#27;[90m{"id":"894b6ce2-b131-45c5-a7cf-89906e58dcd8"}&amp#27;[39m
[debug] &amp#27;[35m[W3C (4fb4d2a5)]&amp#27;[39m Calling AppiumDriver.click() with args: ["894b6ce2-b131-45c5-a7cf-89906e58dcd8","4fb4d2a5-d239-4e93-b0de-267d144674a7"]
[debug] &amp#27;[35m[WD Proxy]&amp#27;[39m Matched '/element/894b6ce2-b131-45c5-a7cf-89906e58dcd8/click' to command name 'click'
[debug] &amp#27;[35m[WD Proxy]&amp#27;[39m Proxying [POST /element/894b6ce2-b131-45c5-a7cf-89906e58dcd8/click] to [POST http://127.0.0.1:8210/wd/hub/session/dd3f1eb1-400b-4ad9-bc15-4aab1ad36c79/element/894b6ce2-b131-45c5-a7cf-89906e58dcd8/click] with body: {"element":"894b6ce2-b131-45c5-a7cf-89906e58dcd8"}
[debug] &amp#27;[35m[WD Proxy]&amp#27;[39m Got response with status 200: {"sessionId":"dd3f1eb1-400b-4ad9-bc15-4aab1ad36c79","value":null}
[debug] &amp#27;[35m[W3C (4fb4d2a5)]&amp#27;[39m Responding to client with driver.click() result: null
&amp#27;[35m[HTTP]&amp#27;[39m &amp#27;[37m<-- POST /wd/hub/session/4fb4d2a5-d239-4e93-b0de-267d144674a7/element/894b6ce2-b131-45c5-a7cf-89906e58dcd8/click &amp#27;[39m&amp#27;[32m200&amp#27;[39m &amp#27;[90m937 ms - 14&amp#27;[39m
&amp#27;[35m[HTTP]&amp#27;[39m &amp#27;[90m&amp#27;[39m
&amp#27;[35m[HTTP]&amp#27;[39m &amp#27;[37m-->&amp#27;[39m &amp#27;[37mPOST&amp#27;[39m &amp#27;[37m/wd/hub/session/4fb4d2a5-d239-4e93-b0de-267d144674a7/element&amp#27;[39m
&amp#27;[35m[HTTP]&amp#27;[39m &amp#27;[90m{"using":"-android uiautomator","value":"new UiScrollable(new UiSelector()).scrollIntoView(text(\"Argentina\"));"}&amp#27;[39m
[debug] &amp#27;[35m[W3C (4fb4d2a5)]&amp#27;[39m Calling AppiumDriver.findElement() with args: ["-android uiautomator","new UiScrollable(new UiSelector()).scrollIntoView(text(\"Argentina\"));","4fb4d2a5-d239-4e93-b0de-267d144674a7"]
[debug] &amp#27;[35m[BaseDriver]&amp#27;[39m Valid locator strategies for this request: xpath, id, class name, accessibility id, -android uiautomator
[debug] &amp#27;[35m[BaseDriver]&amp#27;[39m Waiting up to 10000 ms for condition
[debug] &amp#27;[35m[WD Proxy]&amp#27;[39m Matched '/element' to command name 'findElement'
[debug] &amp#27;[35m[WD Proxy]&amp#27;[39m Proxying [POST /element] to [POST http://127.0.0.1:8210/wd/hub/session/dd3f1eb1-400b-4ad9-bc15-4aab1ad36c79/element] with body: {"strategy":"-android uiautomator","selector":"new UiScrollable(new UiSelector()).scrollIntoView(text(\"Argentina\"));","context":"","multiple":false}
[debug] &amp#27;[35m[WD Proxy]&amp#27;[39m Got response with status 200: {"sessionId":"dd3f1eb1-400b-4ad9-bc15-4aab1ad36c79","value":{"ELEMENT":"e19da0c8-2f62-4119-982c-1fe9e1db2f41","element-6066-11e4-a52e-4f735466cecf":"e19da0c8-2f62-4119-982c-1fe9e1db2f41"}}
[debug] &amp#27;[35m[W3C (4fb4d2a5)]&amp#27;[39m Responding to client with driver.findElement() result: {"element-6066-11e4-a52e-4f735466cecf":"e19da0c8-2f62-4119-982c-1fe9e1db2f41","ELEMENT":"e19da0c8-2f62-4119-982c-1fe9e1db2f41"}
&amp#27;[35m[HTTP]&amp#27;[39m &amp#27;[37m<-- POST /wd/hub/session/4fb4d2a5-d239-4e93-b0de-267d144674a7/element &amp#27;[39m&amp#27;[32m200&amp#27;[39m &amp#27;[90m4596 ms - 137&amp#27;[39m
&amp#27;[35m[HTTP]&amp#27;[39m &amp#27;[90m&amp#27;[39m
Selecting Country
&amp#27;[35m[HTTP]&amp#27;[39m &amp#27;[37m-->&amp#27;[39m &amp#27;[37mGET&amp#27;[39m &amp#27;[37m/wd/hub/session/4fb4d2a5-d239-4e93-b0de-267d144674a7/context&amp#27;[39m
&amp#27;[35m[HTTP]&amp#27;[39m &amp#27;[90m{}&amp#27;[39m
[debug] &amp#27;[35m[W3C (4fb4d2a5)]&amp#27;[39m Calling AppiumDriver.getCurrentContext() with args: ["4fb4d2a5-d239-4e93-b0de-267d144674a7"]
[debug] &amp#27;[35m[W3C (4fb4d2a5)]&amp#27;[39m Responding to client with driver.getCurrentContext() result: "NATIVE_APP"
&amp#27;[35m[HTTP]&amp#27;[39m &amp#27;[37m<-- GET /wd/hub/session/4fb4d2a5-d239-4e93-b0de-267d144674a7/context &amp#27;[39m&amp#27;[32m200&amp#27;[39m &amp#27;[90m3 ms - 22&amp#27;[39m
&amp#27;[35m[HTTP]&amp#27;[39m &amp#27;[90m&amp#27;[39m
&amp#27;[35m[HTTP]&amp#27;[39m &amp#27;[37m-->&amp#27;[39m &amp#27;[37mPOST&amp#27;[39m &amp#27;[37m/wd/hub/session/4fb4d2a5-d239-4e93-b0de-267d144674a7/element&amp#27;[39m
&amp#27;[35m[HTTP]&amp#27;[39m &amp#27;[90m{"using":"xpath","value":"//*[@text='Argentina']"}&amp#27;[39m
[debug] &amp#27;[35m[W3C (4fb4d2a5)]&amp#27;[39m Calling AppiumDriver.findElement() with args: ["xpath","//*[@text='Argentina']","4fb4d2a5-d239-4e93-b0de-267d144674a7"]
[debug] &amp#27;[35m[BaseDriver]&amp#27;[39m Valid locator strategies for this request: xpath, id, class name, accessibility id, -android uiautomator
[debug] &amp#27;[35m[BaseDriver]&amp#27;[39m Waiting up to 10000 ms for condition
[debug] &amp#27;[35m[WD Proxy]&amp#27;[39m Matched '/element' to command name 'findElement'
[debug] &amp#27;[35m[WD Proxy]&amp#27;[39m Proxying [POST /element] to [POST http://127.0.0.1:8210/wd/hub/session/dd3f1eb1-400b-4ad9-bc15-4aab1ad36c79/element] with body: {"strategy":"xpath","selector":"//*[@text='Argentina']","context":"","multiple":false}
[debug] &amp#27;[35m[WD Proxy]&amp#27;[39m Got response with status 200: {"sessionId":"dd3f1eb1-400b-4ad9-bc15-4aab1ad36c79","value":{"ELEMENT":"9168274b-ec52-4e10-a9e8-4dc4eda96370","element-6066-11e4-a52e-4f735466cecf":"9168274b-ec52-4e10-a9e8-4dc4eda96370"}}
[debug] &amp#27;[35m[W3C (4fb4d2a5)]&amp#27;[39m Responding to client with driver.findElement() result: {"element-6066-11e4-a52e-4f735466cecf":"9168274b-ec52-4e10-a9e8-4dc4eda96370","ELEMENT":"9168274b-ec52-4e10-a9e8-4dc4eda96370"}
&amp#27;[35m[HTTP]&amp#27;[39m &amp#27;[37m<-- POST /wd/hub/session/4fb4d2a5-d239-4e93-b0de-267d144674a7/element &amp#27;[39m&amp#27;[32m200&amp#27;[39m &amp#27;[90m216 ms - 137&amp#27;[39m
&amp#27;[35m[HTTP]&amp#27;[39m &amp#27;[90m&amp#27;[39m
&amp#27;[35m[HTTP]&amp#27;[39m &amp#27;[37m-->&amp#27;[39m &amp#27;[37mPOST&amp#27;[39m &amp#27;[37m/wd/hub/session/4fb4d2a5-d239-4e93-b0de-267d144674a7/element/9168274b-ec52-4e10-a9e8-4dc4eda96370/click&amp#27;[39m
&amp#27;[35m[HTTP]&amp#27;[39m &amp#27;[90m{"id":"9168274b-ec52-4e10-a9e8-4dc4eda96370"}&amp#27;[39m
[debug] &amp#27;[35m[W3C (4fb4d2a5)]&amp#27;[39m Calling AppiumDriver.click() with args: ["9168274b-ec52-4e10-a9e8-4dc4eda96370","4fb4d2a5-d239-4e93-b0de-267d144674a7"]
[debug] &amp#27;[35m[WD Proxy]&amp#27;[39m Matched '/element/9168274b-ec52-4e10-a9e8-4dc4eda96370/click' to command name 'click'
[debug] &amp#27;[35m[WD Proxy]&amp#27;[39m Proxying [POST /element/9168274b-ec52-4e10-a9e8-4dc4eda96370/click] to [POST http://127.0.0.1:8210/wd/hub/session/dd3f1eb1-400b-4ad9-bc15-4aab1ad36c79/element/9168274b-ec52-4e10-a9e8-4dc4eda96370/click] with body: {"element":"9168274b-ec52-4e10-a9e8-4dc4eda96370"}
[debug] &amp#27;[35m[WD Proxy]&amp#27;[39m Got response with status 200: {"sessionId":"dd3f1eb1-400b-4ad9-bc15-4aab1ad36c79","value":null}
[debug] &amp#27;[35m[W3C (4fb4d2a5)]&amp#27;[39m Responding to client with driver.click() result: null
&amp#27;[35m[HTTP]&amp#27;[39m &amp#27;[37m<-- POST /wd/hub/session/4fb4d2a5-d239-4e93-b0de-267d144674a7/element/9168274b-ec52-4e10-a9e8-4dc4eda96370/click &amp#27;[39m&amp#27;[32m200&amp#27;[39m &amp#27;[90m697 ms - 14&amp#27;[39m
&amp#27;[35m[HTTP]&amp#27;[39m &amp#27;[90m&amp#27;[39m
&amp#27;[35m[HTTP]&amp#27;[39m &amp#27;[37m-->&amp#27;[39m &amp#27;[37mGET&amp#27;[39m &amp#27;[37m/wd/hub/session/4fb4d2a5-d239-4e93-b0de-267d144674a7/context&amp#27;[39m
&amp#27;[35m[HTTP]&amp#27;[39m &amp#27;[90m{}&amp#27;[39m
[debug] &amp#27;[35m[W3C (4fb4d2a5)]&amp#27;[39m Calling AppiumDriver.getCurrentContext() with args: ["4fb4d2a5-d239-4e93-b0de-267d144674a7"]
[debug] &amp#27;[35m[W3C (4fb4d2a5)]&amp#27;[39m Responding to client with driver.getCurrentContext() result: "NATIVE_APP"
&amp#27;[35m[HTTP]&amp#27;[39m &amp#27;[37m<-- GET /wd/hub/session/4fb4d2a5-d239-4e93-b0de-267d144674a7/context &amp#27;[39m&amp#27;[32m200&amp#27;[39m &amp#27;[90m3 ms - 22&amp#27;[39m
&amp#27;[35m[HTTP]&amp#27;[39m &amp#27;[90m&amp#27;[39m
&amp#27;[35m[HTTP]&amp#27;[39m &amp#27;[37m-->&amp#27;[39m &amp#27;[37mPOST&amp#27;[39m &amp#27;[37m/wd/hub/session/4fb4d2a5-d239-4e93-b0de-267d144674a7/element&amp#27;[39m
&amp#27;[35m[HTTP]&amp#27;[39m &amp#27;[90m{"using":"id","value":"com.androidsample.generalstore:id/btnLetsShop"}&amp#27;[39m
[debug] &amp#27;[35m[W3C (4fb4d2a5)]&amp#27;[39m Calling AppiumDriver.findElement() with args: ["id","com.androidsample.generalstore:id/btnLetsShop","4fb4d2a5-d239-4e93-b0de-267d144674a7"]
[debug] &amp#27;[35m[BaseDriver]&amp#27;[39m Valid locator strategies for this request: xpath, id, class name, accessibility id, -android uiautomator
[debug] &amp#27;[35m[BaseDriver]&amp#27;[39m Waiting up to 10000 ms for condition
[debug] &amp#27;[35m[WD Proxy]&amp#27;[39m Matched '/element' to command name 'findElement'
[debug] &amp#27;[35m[WD Proxy]&amp#27;[39m Proxying [POST /element] to [POST http://127.0.0.1:8210/wd/hub/session/dd3f1eb1-400b-4ad9-bc15-4aab1ad36c79/element] with body: {"strategy":"id","selector":"com.androidsample.generalstore:id/btnLetsShop","context":"","multiple":false}
[debug] &amp#27;[35m[WD Proxy]&amp#27;[39m Got response with status 200: {"sessionId":"dd3f1eb1-400b-4ad9-bc15-4aab1ad36c79","value":{"ELEMENT":"17e00693-ff4d-44ea-a6aa-3d9b8f56cf85","element-6066-11e4-a52e-4f735466cecf":"17e00693-ff4d-44ea-a6aa-3d9b8f56cf85"}}
[debug] &amp#27;[35m[W3C (4fb4d2a5)]&amp#27;[39m Responding to client with driver.findElement() result: {"element-6066-11e4-a52e-4f735466cecf":"17e00693-ff4d-44ea-a6aa-3d9b8f56cf85","ELEMENT":"17e00693-ff4d-44ea-a6aa-3d9b8f56cf85"}
&amp#27;[35m[HTTP]&amp#27;[39m &amp#27;[37m<-- POST /wd/hub/session/4fb4d2a5-d239-4e93-b0de-267d144674a7/element &amp#27;[39m&amp#27;[32m200&amp#27;[39m &amp#27;[90m62 ms - 137&amp#27;[39m
&amp#27;[35m[HTTP]&amp#27;[39m &amp#27;[90m&amp#27;[39m
&amp#27;[35m[HTTP]&amp#27;[39m &amp#27;[37m-->&amp#27;[39m &amp#27;[37mPOST&amp#27;[39m &amp#27;[37m/wd/hub/session/4fb4d2a5-d239-4e93-b0de-267d144674a7/element/17e00693-ff4d-44ea-a6aa-3d9b8f56cf85/click&amp#27;[39m
&amp#27;[35m[HTTP]&amp#27;[39m &amp#27;[90m{"id":"17e00693-ff4d-44ea-a6aa-3d9b8f56cf85"}&amp#27;[39m
[debug] &amp#27;[35m[W3C (4fb4d2a5)]&amp#27;[39m Calling AppiumDriver.click() with args: ["17e00693-ff4d-44ea-a6aa-3d9b8f56cf85","4fb4d2a5-d239-4e93-b0de-267d144674a7"]
[debug] &amp#27;[35m[WD Proxy]&amp#27;[39m Matched '/element/17e00693-ff4d-44ea-a6aa-3d9b8f56cf85/click' to command name 'click'
[debug] &amp#27;[35m[WD Proxy]&amp#27;[39m Proxying [POST /element/17e00693-ff4d-44ea-a6aa-3d9b8f56cf85/click] to [POST http://127.0.0.1:8210/wd/hub/session/dd3f1eb1-400b-4ad9-bc15-4aab1ad36c79/element/17e00693-ff4d-44ea-a6aa-3d9b8f56cf85/click] with body: {"element":"17e00693-ff4d-44ea-a6aa-3d9b8f56cf85"}
[debug] &amp#27;[35m[WD Proxy]&amp#27;[39m Got response with status 200: {"sessionId":"dd3f1eb1-400b-4ad9-bc15-4aab1ad36c79","value":null}
[debug] &amp#27;[35m[W3C (4fb4d2a5)]&amp#27;[39m Responding to client with driver.click() result: null
&amp#27;[35m[HTTP]&amp#27;[39m &amp#27;[37m<-- POST /wd/hub/session/4fb4d2a5-d239-4e93-b0de-267d144674a7/element/17e00693-ff4d-44ea-a6aa-3d9b8f56cf85/click &amp#27;[39m&amp#27;[32m200&amp#27;[39m &amp#27;[90m33 ms - 14&amp#27;[39m
&amp#27;[35m[HTTP]&amp#27;[39m &amp#27;[90m&amp#27;[39m
&amp#27;[35m[HTTP]&amp#27;[39m &amp#27;[37m-->&amp#27;[39m &amp#27;[37mGET&amp#27;[39m &amp#27;[37m/wd/hub/session/4fb4d2a5-d239-4e93-b0de-267d144674a7/context&amp#27;[39m
&amp#27;[35m[HTTP]&amp#27;[39m &amp#27;[90m{}&amp#27;[39m
[debug] &amp#27;[35m[W3C (4fb4d2a5)]&amp#27;[39m Calling AppiumDriver.getCurrentContext() with args: ["4fb4d2a5-d239-4e93-b0de-267d144674a7"]
[debug] &amp#27;[35m[W3C (4fb4d2a5)]&amp#27;[39m Responding to client with driver.getCurrentContext() result: "NATIVE_APP"
&amp#27;[35m[HTTP]&amp#27;[39m &amp#27;[37m<-- GET /wd/hub/session/4fb4d2a5-d239-4e93-b0de-267d144674a7/context &amp#27;[39m&amp#27;[32m200&amp#27;[39m &amp#27;[90m3 ms - 22&amp#27;[39m
&amp#27;[35m[HTTP]&amp#27;[39m &amp#27;[90m&amp#27;[39m
&amp#27;[35m[HTTP]&amp#27;[39m &amp#27;[37m-->&amp#27;[39m &amp#27;[37mPOST&amp#27;[39m &amp#27;[37m/wd/hub/session/4fb4d2a5-d239-4e93-b0de-267d144674a7/elements&amp#27;[39m
&amp#27;[35m[HTTP]&amp#27;[39m &amp#27;[90m{"using":"xpath","value":"//*[@text='ADD TO CART']"}&amp#27;[39m
[debug] &amp#27;[35m[W3C (4fb4d2a5)]&amp#27;[39m Calling AppiumDriver.findElements() with args: ["xpath","//*[@text='ADD TO CART']","4fb4d2a5-d239-4e93-b0de-267d144674a7"]
[debug] &amp#27;[35m[BaseDriver]&amp#27;[39m Valid locator strategies for this request: xpath, id, class name, accessibility id, -android uiautomator
[debug] &amp#27;[35m[BaseDriver]&amp#27;[39m Waiting up to 10000 ms for condition
[debug] &amp#27;[35m[WD Proxy]&amp#27;[39m Matched '/elements' to command name 'findElements'
[debug] &amp#27;[35m[WD Proxy]&amp#27;[39m Proxying [POST /elements] to [POST http://127.0.0.1:8210/wd/hub/session/dd3f1eb1-400b-4ad9-bc15-4aab1ad36c79/elements] with body: {"strategy":"xpath","selector":"//*[@text='ADD TO CART']","context":"","multiple":true}
[debug] &amp#27;[35m[WD Proxy]&amp#27;[39m Got response with status 200: {"sessionId":"dd3f1eb1-400b-4ad9-bc15-4aab1ad36c79","value":[]}
[debug] &amp#27;[35m[BaseDriver]&amp#27;[39m Waited for 692 ms so far
[debug] &amp#27;[35m[WD Proxy]&amp#27;[39m Matched '/elements' to command name 'findElements'
[debug] &amp#27;[35m[WD Proxy]&amp#27;[39m Proxying [POST /elements] to [POST http://127.0.0.1:8210/wd/hub/session/dd3f1eb1-400b-4ad9-bc15-4aab1ad36c79/elements] with body: {"strategy":"xpath","selector":"//*[@text='ADD TO CART']","context":"","multiple":true}
[debug] &amp#27;[35m[WD Proxy]&amp#27;[39m Got response with status 200: {"sessionId":"dd3f1eb1-400b-4ad9-bc15-4aab1ad36c79","value":[{"ELEMENT":"dd5034a4-89aa-4ee0-bb5b-a042dfe8bdbd","element-6066-11e4-a52e-4f735466cecf":"dd5034a4-89aa-4ee0-bb5b-a042dfe8bdbd"},{"ELEMENT":"d7d2ffc3-8141-44f9-8aa1-e937f50ed9f7","element-6066-11e4-a52e-4f735466cecf":"d7d2ffc3-8141-44f9-8aa1-e937f50ed9f7"}]}
[debug] &amp#27;[35m[W3C (4fb4d2a5)]&amp#27;[39m Responding to client with driver.findElements() result: [{"element-6066-11e4-a52e-4f735466cecf":"dd5034a4-89aa-4ee0-bb5b-a042dfe8bdbd","ELEMENT":"dd5034a4-89aa-4ee0-bb5b-a042dfe8bdbd"},{"element-6066-11e4-a52e-4f735466cecf":"d7d2ffc3-8141-44f9-8aa1-e937f50ed9f7","ELEMENT":"d7d2ffc3-8141-44f9-8aa1-e937f50ed9f7"}]
&amp#27;[35m[HTTP]&amp#27;[39m &amp#27;[37m<-- POST /wd/hub/session/4fb4d2a5-d239-4e93-b0de-267d144674a7/elements &amp#27;[39m&amp#27;[32m200&amp#27;[39m &amp#27;[90m1482 ms - 267&amp#27;[39m
&amp#27;[35m[HTTP]&amp#27;[39m &amp#27;[90m&amp#27;[39m
&amp#27;[35m[HTTP]&amp#27;[39m &amp#27;[37m-->&amp#27;[39m &amp#27;[37mPOST&amp#27;[39m &amp#27;[37m/wd/hub/session/4fb4d2a5-d239-4e93-b0de-267d144674a7/element/dd5034a4-89aa-4ee0-bb5b-a042dfe8bdbd/click&amp#27;[39m
&amp#27;[35m[HTTP]&amp#27;[39m &amp#27;[90m{"id":"dd5034a4-89aa-4ee0-bb5b-a042dfe8bdbd"}&amp#27;[39m
[debug] &amp#27;[35m[W3C (4fb4d2a5)]&amp#27;[39m Calling AppiumDriver.click() with args: ["dd5034a4-89aa-4ee0-bb5b-a042dfe8bdbd","4fb4d2a5-d239-4e93-b0de-267d144674a7"]
[debug] &amp#27;[35m[WD Proxy]&amp#27;[39m Matched '/element/dd5034a4-89aa-4ee0-bb5b-a042dfe8bdbd/click' to command name 'click'
[debug] &amp#27;[35m[WD Proxy]&amp#27;[39m Proxying [POST /element/dd5034a4-89aa-4ee0-bb5b-a042dfe8bdbd/click] to [POST http://127.0.0.1:8210/wd/hub/session/dd3f1eb1-400b-4ad9-bc15-4aab1ad36c79/element/dd5034a4-89aa-4ee0-bb5b-a042dfe8bdbd/click] with body: {"element":"dd5034a4-89aa-4ee0-bb5b-a042dfe8bdbd"}
[debug] &amp#27;[35m[WD Proxy]&amp#27;[39m Got response with status 200: {"sessionId":"dd3f1eb1-400b-4ad9-bc15-4aab1ad36c79","value":null}
[debug] &amp#27;[35m[W3C (4fb4d2a5)]&amp#27;[39m Responding to client with driver.click() result: null
&amp#27;[35m[HTTP]&amp#27;[39m &amp#27;[37m<-- POST /wd/hub/session/4fb4d2a5-d239-4e93-b0de-267d144674a7/element/dd5034a4-89aa-4ee0-bb5b-a042dfe8bdbd/click &amp#27;[39m&amp#27;[32m200&amp#27;[39m &amp#27;[90m40 ms - 14&amp#27;[39m
&amp#27;[35m[HTTP]&amp#27;[39m &amp#27;[90m&amp#27;[39m
&amp#27;[35m[HTTP]&amp#27;[39m &amp#27;[37m-->&amp#27;[39m &amp#27;[37mGET&amp#27;[39m &amp#27;[37m/wd/hub/session/4fb4d2a5-d239-4e93-b0de-267d144674a7/context&amp#27;[39m
&amp#27;[35m[HTTP]&amp#27;[39m &amp#27;[90m{}&amp#27;[39m
[debug] &amp#27;[35m[W3C (4fb4d2a5)]&amp#27;[39m Calling AppiumDriver.getCurrentContext() with args: ["4fb4d2a5-d239-4e93-b0de-267d144674a7"]
[debug] &amp#27;[35m[W3C (4fb4d2a5)]&amp#27;[39m Responding to client with driver.getCurrentContext() result: "NATIVE_APP"
&amp#27;[35m[HTTP]&amp#27;[39m &amp#27;[37m<-- GET /wd/hub/session/4fb4d2a5-d239-4e93-b0de-267d144674a7/context &amp#27;[39m&amp#27;[32m200&amp#27;[39m &amp#27;[90m2 ms - 22&amp#27;[39m
&amp#27;[35m[HTTP]&amp#27;[39m &amp#27;[90m&amp#27;[39m
&amp#27;[35m[HTTP]&amp#27;[39m &amp#27;[37m-->&amp#27;[39m &amp#27;[37mPOST&amp#27;[39m &amp#27;[37m/wd/hub/session/4fb4d2a5-d239-4e93-b0de-267d144674a7/elements&amp#27;[39m
&amp#27;[35m[HTTP]&amp#27;[39m &amp#27;[90m{"using":"xpath","value":"//*[@text='ADD TO CART']"}&amp#27;[39m
[debug] &amp#27;[35m[W3C (4fb4d2a5)]&amp#27;[39m Calling AppiumDriver.findElements() with args: ["xpath","//*[@text='ADD TO CART']","4fb4d2a5-d239-4e93-b0de-267d144674a7"]
[debug] &amp#27;[35m[BaseDriver]&amp#27;[39m Valid locator strategies for this request: xpath, id, class name, accessibility id, -android uiautomator
[debug] &amp#27;[35m[BaseDriver]&amp#27;[39m Waiting up to 10000 ms for condition
[debug] &amp#27;[35m[WD Proxy]&amp#27;[39m Matched '/elements' to command name 'findElements'
[debug] &amp#27;[35m[WD Proxy]&amp#27;[39m Proxying [POST /elements] to [POST http://127.0.0.1:8210/wd/hub/session/dd3f1eb1-400b-4ad9-bc15-4aab1ad36c79/elements] with body: {"strategy":"xpath","selector":"//*[@text='ADD TO CART']","context":"","multiple":true}
[debug] &amp#27;[35m[WD Proxy]&amp#27;[39m Got response with status 200: {"sessionId":"dd3f1eb1-400b-4ad9-bc15-4aab1ad36c79","value":[{"ELEMENT":"27f5df73-f07b-4f37-8fd6-e3064edef0c6","element-6066-11e4-a52e-4f735466cecf":"27f5df73-f07b-4f37-8fd6-e3064edef0c6"}]}
[debug] &amp#27;[35m[W3C (4fb4d2a5)]&amp#27;[39m Responding to client with driver.findElements() result: [{"element-6066-11e4-a52e-4f735466cecf":"27f5df73-f07b-4f37-8fd6-e3064edef0c6","ELEMENT":"27f5df73-f07b-4f37-8fd6-e3064edef0c6"}]
&amp#27;[35m[HTTP]&amp#27;[39m &amp#27;[37m<-- POST /wd/hub/session/4fb4d2a5-d239-4e93-b0de-267d144674a7/elements &amp#27;[39m&amp#27;[32m200&amp#27;[39m &amp#27;[90m731 ms - 139&amp#27;[39m
&amp#27;[35m[HTTP]&amp#27;[39m &amp#27;[90m&amp#27;[39m
&amp#27;[35m[HTTP]&amp#27;[39m &amp#27;[37m-->&amp#27;[39m &amp#27;[37mPOST&amp#27;[39m &amp#27;[37m/wd/hub/session/4fb4d2a5-d239-4e93-b0de-267d144674a7/element/27f5df73-f07b-4f37-8fd6-e3064edef0c6/click&amp#27;[39m
&amp#27;[35m[HTTP]&amp#27;[39m &amp#27;[90m{"id":"27f5df73-f07b-4f37-8fd6-e3064edef0c6"}&amp#27;[39m
[debug] &amp#27;[35m[W3C (4fb4d2a5)]&amp#27;[39m Calling AppiumDriver.click() with args: ["27f5df73-f07b-4f37-8fd6-e3064edef0c6","4fb4d2a5-d239-4e93-b0de-267d144674a7"]
[debug] &amp#27;[35m[WD Proxy]&amp#27;[39m Matched '/element/27f5df73-f07b-4f37-8fd6-e3064edef0c6/click' to command name 'click'
[debug] &amp#27;[35m[WD Proxy]&amp#27;[39m Proxying [POST /element/27f5df73-f07b-4f37-8fd6-e3064edef0c6/click] to [POST http://127.0.0.1:8210/wd/hub/session/dd3f1eb1-400b-4ad9-bc15-4aab1ad36c79/element/27f5df73-f07b-4f37-8fd6-e3064edef0c6/click] with body: {"element":"27f5df73-f07b-4f37-8fd6-e3064edef0c6"}
[debug] &amp#27;[35m[WD Proxy]&amp#27;[39m Got response with status 200: {"sessionId":"dd3f1eb1-400b-4ad9-bc15-4aab1ad36c79","value":null}
[debug] &amp#27;[35m[W3C (4fb4d2a5)]&amp#27;[39m Responding to client with driver.click() result: null
&amp#27;[35m[HTTP]&amp#27;[39m &amp#27;[37m<-- POST /wd/hub/session/4fb4d2a5-d239-4e93-b0de-267d144674a7/element/27f5df73-f07b-4f37-8fd6-e3064edef0c6/click &amp#27;[39m&amp#27;[32m200&amp#27;[39m &amp#27;[90m31 ms - 14&amp#27;[39m
&amp#27;[35m[HTTP]&amp#27;[39m &amp#27;[90m&amp#27;[39m
&amp#27;[35m[HTTP]&amp#27;[39m &amp#27;[37m-->&amp#27;[39m &amp#27;[37mGET&amp#27;[39m &amp#27;[37m/wd/hub/session/4fb4d2a5-d239-4e93-b0de-267d144674a7/context&amp#27;[39m
&amp#27;[35m[HTTP]&amp#27;[39m &amp#27;[90m{}&amp#27;[39m
[debug] &amp#27;[35m[W3C (4fb4d2a5)]&amp#27;[39m Calling AppiumDriver.getCurrentContext() with args: ["4fb4d2a5-d239-4e93-b0de-267d144674a7"]
[debug] &amp#27;[35m[W3C (4fb4d2a5)]&amp#27;[39m Responding to client with driver.getCurrentContext() result: "NATIVE_APP"
&amp#27;[35m[HTTP]&amp#27;[39m &amp#27;[37m<-- GET /wd/hub/session/4fb4d2a5-d239-4e93-b0de-267d144674a7/context &amp#27;[39m&amp#27;[32m200&amp#27;[39m &amp#27;[90m2 ms - 22&amp#27;[39m
&amp#27;[35m[HTTP]&amp#27;[39m &amp#27;[90m&amp#27;[39m
&amp#27;[35m[HTTP]&amp#27;[39m &amp#27;[37m-->&amp#27;[39m &amp#27;[37mPOST&amp#27;[39m &amp#27;[37m/wd/hub/session/4fb4d2a5-d239-4e93-b0de-267d144674a7/element&amp#27;[39m
&amp#27;[35m[HTTP]&amp#27;[39m &amp#27;[90m{"using":"id","value":"com.androidsample.generalstore:id/appbar_btn_cart"}&amp#27;[39m
[debug] &amp#27;[35m[W3C (4fb4d2a5)]&amp#27;[39m Calling AppiumDriver.findElement() with args: ["id","com.androidsample.generalstore:id/appbar_btn_cart","4fb4d2a5-d239-4e93-b0de-267d144674a7"]
[debug] &amp#27;[35m[BaseDriver]&amp#27;[39m Valid locator strategies for this request: xpath, id, class name, accessibility id, -android uiautomator
[debug] &amp#27;[35m[BaseDriver]&amp#27;[39m Waiting up to 10000 ms for condition
[debug] &amp#27;[35m[WD Proxy]&amp#27;[39m Matched '/element' to command name 'findElement'
[debug] &amp#27;[35m[WD Proxy]&amp#27;[39m Proxying [POST /element] to [POST http://127.0.0.1:8210/wd/hub/session/dd3f1eb1-400b-4ad9-bc15-4aab1ad36c79/element] with body: {"strategy":"id","selector":"com.androidsample.generalstore:id/appbar_btn_cart","context":"","multiple":false}
[debug] &amp#27;[35m[WD Proxy]&amp#27;[39m Got response with status 200: {"sessionId":"dd3f1eb1-400b-4ad9-bc15-4aab1ad36c79","value":{"ELEMENT":"92d86c0f-d932-46f8-b1d8-159c735e5f42","element-6066-11e4-a52e-4f735466cecf":"92d86c0f-d932-46f8-b1d8-159c735e5f42"}}
[debug] &amp#27;[35m[W3C (4fb4d2a5)]&amp#27;[39m Responding to client with driver.findElement() result: {"element-6066-11e4-a52e-4f735466cecf":"92d86c0f-d932-46f8-b1d8-159c735e5f42","ELEMENT":"92d86c0f-d932-46f8-b1d8-159c735e5f42"}
&amp#27;[35m[HTTP]&amp#27;[39m &amp#27;[37m<-- POST /wd/hub/session/4fb4d2a5-d239-4e93-b0de-267d144674a7/element &amp#27;[39m&amp#27;[32m200&amp#27;[39m &amp#27;[90m528 ms - 137&amp#27;[39m
&amp#27;[35m[HTTP]&amp#27;[39m &amp#27;[90m&amp#27;[39m
&amp#27;[35m[HTTP]&amp#27;[39m &amp#27;[37m-->&amp#27;[39m &amp#27;[37mPOST&amp#27;[39m &amp#27;[37m/wd/hub/session/4fb4d2a5-d239-4e93-b0de-267d144674a7/element/92d86c0f-d932-46f8-b1d8-159c735e5f42/click&amp#27;[39m
&amp#27;[35m[HTTP]&amp#27;[39m &amp#27;[90m{"id":"92d86c0f-d932-46f8-b1d8-159c735e5f42"}&amp#27;[39m
[debug] &amp#27;[35m[W3C (4fb4d2a5)]&amp#27;[39m Calling AppiumDriver.click() with args: ["92d86c0f-d932-46f8-b1d8-159c735e5f42","4fb4d2a5-d239-4e93-b0de-267d144674a7"]
[debug] &amp#27;[35m[WD Proxy]&amp#27;[39m Matched '/element/92d86c0f-d932-46f8-b1d8-159c735e5f42/click' to command name 'click'
[debug] &amp#27;[35m[WD Proxy]&amp#27;[39m Proxying [POST /element/92d86c0f-d932-46f8-b1d8-159c735e5f42/click] to [POST http://127.0.0.1:8210/wd/hub/session/dd3f1eb1-400b-4ad9-bc15-4aab1ad36c79/element/92d86c0f-d932-46f8-b1d8-159c735e5f42/click] with body: {"element":"92d86c0f-d932-46f8-b1d8-159c735e5f42"}
[debug] &amp#27;[35m[WD Proxy]&amp#27;[39m Got response with status 200: {"sessionId":"dd3f1eb1-400b-4ad9-bc15-4aab1ad36c79","value":null}
[debug] &amp#27;[35m[W3C (4fb4d2a5)]&amp#27;[39m Responding to client with driver.click() result: null
&amp#27;[35m[HTTP]&amp#27;[39m &amp#27;[37m<-- POST /wd/hub/session/4fb4d2a5-d239-4e93-b0de-267d144674a7/element/92d86c0f-d932-46f8-b1d8-159c735e5f42/click &amp#27;[39m&amp#27;[32m200&amp#27;[39m &amp#27;[90m21 ms - 14&amp#27;[39m
&amp#27;[35m[HTTP]&amp#27;[39m &amp#27;[90m&amp#27;[39m
&amp#27;[35m[HTTP]&amp#27;[39m &amp#27;[37m-->&amp#27;[39m &amp#27;[37mPOST&amp#27;[39m &amp#27;[37m/wd/hub/session/4fb4d2a5-d239-4e93-b0de-267d144674a7/elements&amp#27;[39m
&amp#27;[35m[HTTP]&amp#27;[39m &amp#27;[90m{"using":"id","value":"com.androidsample.generalstore:id/productPrice"}&amp#27;[39m
[debug] &amp#27;[35m[W3C (4fb4d2a5)]&amp#27;[39m Calling AppiumDriver.findElements() with args: ["id","com.androidsample.generalstore:id/productPrice","4fb4d2a5-d239-4e93-b0de-267d144674a7"]
[debug] &amp#27;[35m[BaseDriver]&amp#27;[39m Valid locator strategies for this request: xpath, id, class name, accessibility id, -android uiautomator
[debug] &amp#27;[35m[BaseDriver]&amp#27;[39m Waiting up to 10000 ms for condition
[debug] &amp#27;[35m[WD Proxy]&amp#27;[39m Matched '/elements' to command name 'findElements'
[debug] &amp#27;[35m[WD Proxy]&amp#27;[39m Proxying [POST /elements] to [POST http://127.0.0.1:8210/wd/hub/session/dd3f1eb1-400b-4ad9-bc15-4aab1ad36c79/elements] with body: {"strategy":"id","selector":"com.androidsample.generalstore:id/productPrice","context":"","multiple":true}
[debug] &amp#27;[35m[WD Proxy]&amp#27;[39m Got response with status 200: {"sessionId":"dd3f1eb1-400b-4ad9-bc15-4aab1ad36c79","value":[{"ELEMENT":"1c2f825e-5dff-4f0b-b099-1bf50850b437","element-6066-11e4-a52e-4f735466cecf":"1c2f825e-5dff-4f0b-b099-1bf50850b437"},{"ELEMENT":"8fb1e281-4d45-44cb-8a6d-8cd86024bf0a","element-6066-11e4-a52e-4f735466cecf":"8fb1e281-4d45-44cb-8a6d-8cd86024bf0a"}]}
[debug] &amp#27;[35m[W3C (4fb4d2a5)]&amp#27;[39m Responding to client with driver.findElements() result: [{"element-6066-11e4-a52e-4f735466cecf":"1c2f825e-5dff-4f0b-b099-1bf50850b437","ELEMENT":"1c2f825e-5dff-4f0b-b099-1bf50850b437"},{"element-6066-11e4-a52e-4f735466cecf":"8fb1e281-4d45-44cb-8a6d-8cd86024bf0a","ELEMENT":"8fb1e281-4d45-44cb-8a6d-8cd86024bf0a"}]
&amp#27;[35m[HTTP]&amp#27;[39m &amp#27;[37m<-- POST /wd/hub/session/4fb4d2a5-d239-4e93-b0de-267d144674a7/elements &amp#27;[39m&amp#27;[32m200&amp#27;[39m &amp#27;[90m66 ms - 267&amp#27;[39m
&amp#27;[35m[HTTP]&amp#27;[39m &amp#27;[90m&amp#27;[39m
&amp#27;[35m[HTTP]&amp#27;[39m &amp#27;[37m-->&amp#27;[39m &amp#27;[37mGET&amp#27;[39m &amp#27;[37m/wd/hub/session/4fb4d2a5-d239-4e93-b0de-267d144674a7/context&amp#27;[39m
&amp#27;[35m[HTTP]&amp#27;[39m &amp#27;[90m{}&amp#27;[39m
[debug] &amp#27;[35m[W3C (4fb4d2a5)]&amp#27;[39m Calling AppiumDriver.getCurrentContext() with args: ["4fb4d2a5-d239-4e93-b0de-267d144674a7"]
[debug] &amp#27;[35m[W3C (4fb4d2a5)]&amp#27;[39m Responding to client with driver.getCurrentContext() result: "NATIVE_APP"
&amp#27;[35m[HTTP]&amp#27;[39m &amp#27;[37m<-- GET /wd/hub/session/4fb4d2a5-d239-4e93-b0de-267d144674a7/context &amp#27;[39m&amp#27;[32m200&amp#27;[39m &amp#27;[90m2 ms - 22&amp#27;[39m
&amp#27;[35m[HTTP]&amp#27;[39m &amp#27;[90m&amp#27;[39m
&amp#27;[35m[HTTP]&amp#27;[39m &amp#27;[37m-->&amp#27;[39m &amp#27;[37mPOST&amp#27;[39m &amp#27;[37m/wd/hub/session/4fb4d2a5-d239-4e93-b0de-267d144674a7/elements&amp#27;[39m
&amp#27;[35m[HTTP]&amp#27;[39m &amp#27;[90m{"using":"id","value":"com.androidsample.generalstore:id/productPrice"}&amp#27;[39m
[debug] &amp#27;[35m[W3C (4fb4d2a5)]&amp#27;[39m Calling AppiumDriver.findElements() with args: ["id","com.androidsample.generalstore:id/productPrice","4fb4d2a5-d239-4e93-b0de-267d144674a7"]
[debug] &amp#27;[35m[BaseDriver]&amp#27;[39m Valid locator strategies for this request: xpath, id, class name, accessibility id, -android uiautomator
[debug] &amp#27;[35m[BaseDriver]&amp#27;[39m Waiting up to 10000 ms for condition
[debug] &amp#27;[35m[WD Proxy]&amp#27;[39m Matched '/elements' to command name 'findElements'
[debug] &amp#27;[35m[WD Proxy]&amp#27;[39m Proxying [POST /elements] to [POST http://127.0.0.1:8210/wd/hub/session/dd3f1eb1-400b-4ad9-bc15-4aab1ad36c79/elements] with body: {"strategy":"id","selector":"com.androidsample.generalstore:id/productPrice","context":"","multiple":true}
[debug] &amp#27;[35m[WD Proxy]&amp#27;[39m Got response with status 200: {"sessionId":"dd3f1eb1-400b-4ad9-bc15-4aab1ad36c79","value":[{"ELEMENT":"63376e6f-89ad-40c1-a86c-98aa5e65b10e","element-6066-11e4-a52e-4f735466cecf":"63376e6f-89ad-40c1-a86c-98aa5e65b10e"},{"ELEMENT":"d6fff752-22ad-4e7a-ad17-48ee6df7ae94","element-6066-11e4-a52e-4f735466cecf":"d6fff752-22ad-4e7a-ad17-48ee6df7ae94"}]}
[debug] &amp#27;[35m[W3C (4fb4d2a5)]&amp#27;[39m Responding to client with driver.findElements() result: [{"element-6066-11e4-a52e-4f735466cecf":"63376e6f-89ad-40c1-a86c-98aa5e65b10e","ELEMENT":"63376e6f-89ad-40c1-a86c-98aa5e65b10e"},{"element-6066-11e4-a52e-4f735466cecf":"d6fff752-22ad-4e7a-ad17-48ee6df7ae94","ELEMENT":"d6fff752-22ad-4e7a-ad17-48ee6df7ae94"}]
&amp#27;[35m[HTTP]&amp#27;[39m &amp#27;[37m<-- POST /wd/hub/session/4fb4d2a5-d239-4e93-b0de-267d144674a7/elements &amp#27;[39m&amp#27;[32m200&amp#27;[39m &amp#27;[90m27 ms - 267&amp#27;[39m
&amp#27;[35m[HTTP]&amp#27;[39m &amp#27;[90m&amp#27;[39m
&amp#27;[35m[HTTP]&amp#27;[39m &amp#27;[37m-->&amp#27;[39m &amp#27;[37mGET&amp#27;[39m &amp#27;[37m/wd/hub/session/4fb4d2a5-d239-4e93-b0de-267d144674a7/element/63376e6f-89ad-40c1-a86c-98aa5e65b10e/text&amp#27;[39m
&amp#27;[35m[HTTP]&amp#27;[39m &amp#27;[90m{}&amp#27;[39m
&amp#27;[35m[W3C (4fb4d2a5)]&amp#27;[39m Driver proxy active, passing request on via HTTP proxy
[debug] &amp#27;[35m[WD Proxy]&amp#27;[39m Matched '/wd/hub/session/4fb4d2a5-d239-4e93-b0de-267d144674a7/element/63376e6f-89ad-40c1-a86c-98aa5e65b10e/text' to command name 'getText'
[debug] &amp#27;[35m[WD Proxy]&amp#27;[39m Proxying [GET /wd/hub/session/4fb4d2a5-d239-4e93-b0de-267d144674a7/element/63376e6f-89ad-40c1-a86c-98aa5e65b10e/text] to [GET http://127.0.0.1:8210/wd/hub/session/dd3f1eb1-400b-4ad9-bc15-4aab1ad36c79/element/63376e6f-89ad-40c1-a86c-98aa5e65b10e/text] with body: {}
[debug] &amp#27;[35m[WD Proxy]&amp#27;[39m Got response with status 200: {"sessionId":"dd3f1eb1-400b-4ad9-bc15-4aab1ad36c79","value":"$160.97"}
&amp#27;[35m[WD Proxy]&amp#27;[39m Replacing sessionId dd3f1eb1-400b-4ad9-bc15-4aab1ad36c79 with 4fb4d2a5-d239-4e93-b0de-267d144674a7
&amp#27;[35m[HTTP]&amp#27;[39m &amp#27;[37m<-- GET /wd/hub/session/4fb4d2a5-d239-4e93-b0de-267d144674a7/element/63376e6f-89ad-40c1-a86c-98aa5e65b10e/text &amp#27;[39m&amp#27;[32m200&amp#27;[39m &amp#27;[90m17 ms - 70&amp#27;[39m
&amp#27;[35m[HTTP]&amp#27;[39m &amp#27;[90m&amp#27;[39m
&amp#27;[35m[HTTP]&amp#27;[39m &amp#27;[37m-->&amp#27;[39m &amp#27;[37mGET&amp#27;[39m &amp#27;[37m/wd/hub/session/4fb4d2a5-d239-4e93-b0de-267d144674a7/context&amp#27;[39m
&amp#27;[35m[HTTP]&amp#27;[39m &amp#27;[90m{}&amp#27;[39m
[debug] &amp#27;[35m[W3C (4fb4d2a5)]&amp#27;[39m Calling AppiumDriver.getCurrentContext() with args: ["4fb4d2a5-d239-4e93-b0de-267d144674a7"]
[debug] &amp#27;[35m[W3C (4fb4d2a5)]&amp#27;[39m Responding to client with driver.getCurrentContext() result: "NATIVE_APP"
&amp#27;[35m[HTTP]&amp#27;[39m &amp#27;[37m<-- GET /wd/hub/session/4fb4d2a5-d239-4e93-b0de-267d144674a7/context &amp#27;[39m&amp#27;[32m200&amp#27;[39m &amp#27;[90m1 ms - 22&amp#27;[39m
&amp#27;[35m[HTTP]&amp#27;[39m &amp#27;[90m&amp#27;[39m
&amp#27;[35m[HTTP]&amp#27;[39m &amp#27;[37m-->&amp#27;[39m &amp#27;[37mPOST&amp#27;[39m &amp#27;[37m/wd/hub/session/4fb4d2a5-d239-4e93-b0de-267d144674a7/elements&amp#27;[39m
&amp#27;[35m[HTTP]&amp#27;[39m &amp#27;[90m{"using":"id","value":"com.androidsample.generalstore:id/productPrice"}&amp#27;[39m
[debug] &amp#27;[35m[W3C (4fb4d2a5)]&amp#27;[39m Calling AppiumDriver.findElements() with args: ["id","com.androidsample.generalstore:id/productPrice","4fb4d2a5-d239-4e93-b0de-267d144674a7"]
[debug] &amp#27;[35m[BaseDriver]&amp#27;[39m Valid locator strategies for this request: xpath, id, class name, accessibility id, -android uiautomator
[debug] &amp#27;[35m[BaseDriver]&amp#27;[39m Waiting up to 10000 ms for condition
[debug] &amp#27;[35m[WD Proxy]&amp#27;[39m Matched '/elements' to command name 'findElements'
[...]
&amp#27;[35m[HTTP]&amp#27;[39m &amp#27;[90m&amp#27;[39m
&amp#27;[35m[HTTP]&amp#27;[39m &amp#27;[37m-->&amp#27;[39m &amp#27;[37mPOST&amp#27;[39m &amp#27;[37m/wd/hub/session/2881cd97-5c1b-4785-a197-e06a5f39c2b7/element&amp#27;[39m
&amp#27;[35m[HTTP]&amp#27;[39m &amp#27;[90m{"using":"xpath","value":"//android.widget.TextView[@text='3. Preference dependencies']"}&amp#27;[39m
[debug] &amp#27;[35m[W3C (2881cd97)]&amp#27;[39m Calling AppiumDriver.findElement() with args: ["xpath","//android.widget.TextView[@text='3. Preference dependencies']","2881cd97-5c1b-4785-a197-e06a5f39c2b7"]
[debug] &amp#27;[35m[BaseDriver]&amp#27;[39m Valid locator strategies for this request: xpath, id, class name, accessibility id, -android uiautomator
[debug] &amp#27;[35m[BaseDriver]&amp#27;[39m Waiting up to 10000 ms for condition
[debug] &amp#27;[35m[WD Proxy]&amp#27;[39m Matched '/element' to command name 'findElement'
[debug] &amp#27;[35m[WD Proxy]&amp#27;[39m Proxying [POST /element] to [POST http://127.0.0.1:8212/wd/hub/session/f949b87a-9b2a-4283-b83c-c5b700cff67e/element] with body: {"strategy":"xpath","selector":"//android.widget.TextView[@text='3. Preference dependencies']","context":"","multiple":false}
[debug] &amp#27;[35m[WD Proxy]&amp#27;[39m Got response with status 200: {"sessionId":"f949b87a-9b2a-4283-b83c-c5b700cff67e","value":{"ELEMENT":"f89af667-7e8e-41d3-8f6c-bb606f9414b2","element-6066-11e4-a52e-4f735466cecf":"f89af667-7e8e-41d3-8f6c-bb606f9414b2"}}
[debug] &amp#27;[35m[W3C (2881cd97)]&amp#27;[39m Responding to client with driver.findElement() result: {"element-6066-11e4-a52e-4f735466cecf":"f89af667-7e8e-41d3-8f6c-bb606f9414b2","ELEMENT":"f89af667-7e8e-41d3-8f6c-bb606f9414b2"}
&amp#27;[35m[HTTP]&amp#27;[39m &amp#27;[37m<-- POST /wd/hub/session/2881cd97-5c1b-4785-a197-e06a5f39c2b7/element &amp#27;[39m&amp#27;[32m200&amp#27;[39m &amp#27;[90m135 ms - 137&amp#27;[39m
&amp#27;[35m[HTTP]&amp#27;[39m &amp#27;[90m&amp#27;[39m
&amp#27;[35m[HTTP]&amp#27;[39m &amp#27;[37m-->&amp#27;[39m &amp#27;[37mPOST&amp#27;[39m &amp#27;[37m/wd/hub/session/2881cd97-5c1b-4785-a197-e06a5f39c2b7/element/f89af667-7e8e-41d3-8f6c-bb606f9414b2/click&amp#27;[39m
&amp#27;[35m[HTTP]&amp#27;[39m &amp#27;[90m{"id":"f89af667-7e8e-41d3-8f6c-bb606f9414b2"}&amp#27;[39m
[debug] &amp#27;[35m[W3C (2881cd97)]&amp#27;[39m Calling AppiumDriver.click() with args: ["f89af667-7e8e-41d3-8f6c-bb606f9414b2","2881cd97-5c1b-4785-a197-e06a5f39c2b7"]
[debug] &amp#27;[35m[WD Proxy]&amp#27;[39m Matched '/element/f89af667-7e8e-41d3-8f6c-bb606f9414b2/click' to command name 'click'
[debug] &amp#27;[35m[WD Proxy]&amp#27;[39m Proxying [POST /element/f89af667-7e8e-41d3-8f6c-bb606f9414b2/click] to [POST http://127.0.0.1:8212/wd/hub/session/f949b87a-9b2a-4283-b83c-c5b700cff67e/element/f89af667-7e8e-41d3-8f6c-bb606f9414b2/click] with body: {"element":"f89af667-7e8e-41d3-8f6c-bb606f9414b2"}
[debug] &amp#27;[35m[WD Proxy]&amp#27;[39m Got response with status 200: {"sessionId":"f949b87a-9b2a-4283-b83c-c5b700cff67e","value":null}
[debug] &amp#27;[35m[W3C (2881cd97)]&amp#27;[39m Responding to client with driver.click() result: null
&amp#27;[35m[HTTP]&amp#27;[39m &amp#27;[37m<-- POST /wd/hub/session/2881cd97-5c1b-4785-a197-e06a5f39c2b7/element/f89af667-7e8e-41d3-8f6c-bb606f9414b2/click &amp#27;[39m&amp#27;[32m200&amp#27;[39m &amp#27;[90m29 ms - 14&amp#27;[39m
&amp#27;[35m[HTTP]&amp#27;[39m &amp#27;[90m&amp#27;[39m
&amp#27;[35m[HTTP]&amp#27;[39m &amp#27;[37m-->&amp#27;[39m &amp#27;[37mGET&amp#27;[39m &amp#27;[37m/wd/hub/session/2881cd97-5c1b-4785-a197-e06a5f39c2b7/context&amp#27;[39m
&amp#27;[35m[HTTP]&amp#27;[39m &amp#27;[90m{}&amp#27;[39m
[debug] &amp#27;[35m[W3C (2881cd97)]&amp#27;[39m Calling AppiumDriver.getCurrentContext() with args: ["2881cd97-5c1b-4785-a197-e06a5f39c2b7"]
[debug] &amp#27;[35m[W3C (2881cd97)]&amp#27;[39m Responding to client with driver.getCurrentContext() result: "NATIVE_APP"
&amp#27;[35m[HTTP]&amp#27;[39m &amp#27;[37m<-- GET /wd/hub/session/2881cd97-5c1b-4785-a197-e06a5f39c2b7/context &amp#27;[39m&amp#27;[32m200&amp#27;[39m &amp#27;[90m2 ms - 22&amp#27;[39m
&amp#27;[35m[HTTP]&amp#27;[39m &amp#27;[90m&amp#27;[39m
&amp#27;[35m[HTTP]&amp#27;[39m &amp#27;[37m-->&amp#27;[39m &amp#27;[37mPOST&amp#27;[39m &amp#27;[37m/wd/hub/session/2881cd97-5c1b-4785-a197-e06a5f39c2b7/element&amp#27;[39m
&amp#27;[35m[HTTP]&amp#27;[39m &amp#27;[90m{"using":"id","value":"android:id/checkbox"}&amp#27;[39m
[debug] &amp#27;[35m[W3C (2881cd97)]&amp#27;[39m Calling AppiumDriver.findElement() with args: ["id","android:id/checkbox","2881cd97-5c1b-4785-a197-e06a5f39c2b7"]
[debug] &amp#27;[35m[BaseDriver]&amp#27;[39m Valid locator strategies for this request: xpath, id, class name, accessibility id, -android uiautomator
[debug] &amp#27;[35m[BaseDriver]&amp#27;[39m Waiting up to 10000 ms for condition
[debug] &amp#27;[35m[WD Proxy]&amp#27;[39m Matched '/element' to command name 'findElement'
[debug] &amp#27;[35m[WD Proxy]&amp#27;[39m Proxying [POST /element] to [POST http://127.0.0.1:8212/wd/hub/session/f949b87a-9b2a-4283-b83c-c5b700cff67e/element] with body: {"strategy":"id","selector":"android:id/checkbox","context":"","multiple":false}
[debug] &amp#27;[35m[WD Proxy]&amp#27;[39m Got response with status 200: {"sessionId":"f949b87a-9b2a-4283-b83c-c5b700cff67e","value":{"ELEMENT":"f70f50a8-35c4-4d4c-ad54-02ff5dfacfbb","element-6066-11e4-a52e-4f735466cecf":"f70f50a8-35c4-4d4c-ad54-02ff5dfacfbb"}}
[debug] &amp#27;[35m[W3C (2881cd97)]&amp#27;[39m Responding to client with driver.findElement() result: {"element-6066-11e4-a52e-4f735466cecf":"f70f50a8-35c4-4d4c-ad54-02ff5dfacfbb","ELEMENT":"f70f50a8-35c4-4d4c-ad54-02ff5dfacfbb"}
&amp#27;[35m[HTTP]&amp#27;[39m &amp#27;[37m<-- POST /wd/hub/session/2881cd97-5c1b-4785-a197-e06a5f39c2b7/element &amp#27;[39m&amp#27;[32m200&amp#27;[39m &amp#27;[90m1052 ms - 137&amp#27;[39m
&amp#27;[35m[HTTP]&amp#27;[39m &amp#27;[90m&amp#27;[39m
&amp#27;[35m[HTTP]&amp#27;[39m &amp#27;[37m-->&amp#27;[39m &amp#27;[37mPOST&amp#27;[39m &amp#27;[37m/wd/hub/session/2881cd97-5c1b-4785-a197-e06a5f39c2b7/element/f70f50a8-35c4-4d4c-ad54-02ff5dfacfbb/click&amp#27;[39m
&amp#27;[35m[HTTP]&amp#27;[39m &amp#27;[90m{"id":"f70f50a8-35c4-4d4c-ad54-02ff5dfacfbb"}&amp#27;[39m
[debug] &amp#27;[35m[W3C (2881cd97)]&amp#27;[39m Calling AppiumDriver.click() with args: ["f70f50a8-35c4-4d4c-ad54-02ff5dfacfbb","2881cd97-5c1b-4785-a197-e06a5f39c2b7"]
[debug] &amp#27;[35m[WD Proxy]&amp#27;[39m Matched '/element/f70f50a8-35c4-4d4c-ad54-02ff5dfacfbb/click' to command name 'click'
[debug] &amp#27;[35m[WD Proxy]&amp#27;[39m Proxying [POST /element/f70f50a8-35c4-4d4c-ad54-02ff5dfacfbb/click] to [POST http://127.0.0.1:8212/wd/hub/session/f949b87a-9b2a-4283-b83c-c5b700cff67e/element/f70f50a8-35c4-4d4c-ad54-02ff5dfacfbb/click] with body: {"element":"f70f50a8-35c4-4d4c-ad54-02ff5dfacfbb"}
[debug] &amp#27;[35m[WD Proxy]&amp#27;[39m Got response with status 200: {"sessionId":"f949b87a-9b2a-4283-b83c-c5b700cff67e","value":null}
[debug] &amp#27;[35m[W3C (2881cd97)]&amp#27;[39m Responding to client with driver.click() result: null
&amp#27;[35m[HTTP]&amp#27;[39m &amp#27;[37m<-- POST /wd/hub/session/2881cd97-5c1b-4785-a197-e06a5f39c2b7/element/f70f50a8-35c4-4d4c-ad54-02ff5dfacfbb/click &amp#27;[39m&amp#27;[32m200&amp#27;[39m &amp#27;[90m695 ms - 14&amp#27;[39m
&amp#27;[35m[HTTP]&amp#27;[39m &amp#27;[90m&amp#27;[39m
&amp#27;[35m[HTTP]&amp#27;[39m &amp#27;[37m-->&amp#27;[39m &amp#27;[37mGET&amp#27;[39m &amp#27;[37m/wd/hub/session/2881cd97-5c1b-4785-a197-e06a5f39c2b7/context&amp#27;[39m
&amp#27;[35m[HTTP]&amp#27;[39m &amp#27;[90m{}&amp#27;[39m
[debug] &amp#27;[35m[W3C (2881cd97)]&amp#27;[39m Calling AppiumDriver.getCurrentContext() with args: ["2881cd97-5c1b-4785-a197-e06a5f39c2b7"]
[debug] &amp#27;[35m[W3C (2881cd97)]&amp#27;[39m Responding to client with driver.getCurrentContext() result: "NATIVE_APP"
&amp#27;[35m[HTTP]&amp#27;[39m &amp#27;[37m<-- GET /wd/hub/session/2881cd97-5c1b-4785-a197-e06a5f39c2b7/context &amp#27;[39m&amp#27;[32m200&amp#27;[39m &amp#27;[90m2 ms - 22&amp#27;[39m
&amp#27;[35m[HTTP]&amp#27;[39m &amp#27;[90m&amp#27;[39m
&amp#27;[35m[HTTP]&amp#27;[39m &amp#27;[37m-->&amp#27;[39m &amp#27;[37mPOST&amp#27;[39m &amp#27;[37m/wd/hub/session/2881cd97-5c1b-4785-a197-e06a5f39c2b7/element&amp#27;[39m
&amp#27;[35m[HTTP]&amp#27;[39m &amp#27;[90m{"using":"xpath","value":"//android.widget.TextView[@text='WiFi settings']"}&amp#27;[39m
[debug] &amp#27;[35m[W3C (2881cd97)]&amp#27;[39m Calling AppiumDriver.findElement() with args: ["xpath","//android.widget.TextView[@text='WiFi settings']","2881cd97-5c1b-4785-a197-e06a5f39c2b7"]
[debug] &amp#27;[35m[BaseDriver]&amp#27;[39m Valid locator strategies for this request: xpath, id, class name, accessibility id, -android uiautomator
[debug] &amp#27;[35m[BaseDriver]&amp#27;[39m Waiting up to 10000 ms for condition
[debug] &amp#27;[35m[WD Proxy]&amp#27;[39m Matched '/element' to command name 'findElement'
[debug] &amp#27;[35m[WD Proxy]&amp#27;[39m Proxying [POST /element] to [POST http://127.0.0.1:8212/wd/hub/session/f949b87a-9b2a-4283-b83c-c5b700cff67e/element] with body: {"strategy":"xpath","selector":"//android.widget.TextView[@text='WiFi settings']","context":"","multiple":false}
[debug] &amp#27;[35m[WD Proxy]&amp#27;[39m Got response with status 200: {"sessionId":"f949b87a-9b2a-4283-b83c-c5b700cff67e","value":{"ELEMENT":"1ce34c15-2f23-4e85-9ecc-8a417e23a390","element-6066-11e4-a52e-4f735466cecf":"1ce34c15-2f23-4e85-9ecc-8a417e23a390"}}
[debug] &amp#27;[35m[W3C (2881cd97)]&amp#27;[39m Responding to client with driver.findElement() result: {"element-6066-11e4-a52e-4f735466cecf":"1ce34c15-2f23-4e85-9ecc-8a417e23a390","ELEMENT":"1ce34c15-2f23-4e85-9ecc-8a417e23a390"}
&amp#27;[35m[HTTP]&amp#27;[39m &amp#27;[37m<-- POST /wd/hub/session/2881cd97-5c1b-4785-a197-e06a5f39c2b7/element &amp#27;[39m&amp#27;[32m200&amp#27;[39m &amp#27;[90m119 ms - 137&amp#27;[39m
&amp#27;[35m[HTTP]&amp#27;[39m &amp#27;[90m&amp#27;[39m
&amp#27;[35m[HTTP]&amp#27;[39m &amp#27;[37m-->&amp#27;[39m &amp#27;[37mPOST&amp#27;[39m &amp#27;[37m/wd/hub/session/2881cd97-5c1b-4785-a197-e06a5f39c2b7/element/1ce34c15-2f23-4e85-9ecc-8a417e23a390/click&amp#27;[39m
&amp#27;[35m[HTTP]&amp#27;[39m &amp#27;[90m{"id":"1ce34c15-2f23-4e85-9ecc-8a417e23a390"}&amp#27;[39m
[debug] &amp#27;[35m[W3C (2881cd97)]&amp#27;[39m Calling AppiumDriver.click() with args: ["1ce34c15-2f23-4e85-9ecc-8a417e23a390","2881cd97-5c1b-4785-a197-e06a5f39c2b7"]
[debug] &amp#27;[35m[WD Proxy]&amp#27;[39m Matched '/element/1ce34c15-2f23-4e85-9ecc-8a417e23a390/click' to command name 'click'
[debug] &amp#27;[35m[WD Proxy]&amp#27;[39m Proxying [POST /element/1ce34c15-2f23-4e85-9ecc-8a417e23a390/click] to [POST http://127.0.0.1:8212/wd/hub/session/f949b87a-9b2a-4283-b83c-c5b700cff67e/element/1ce34c15-2f23-4e85-9ecc-8a417e23a390/click] with body: {"element":"1ce34c15-2f23-4e85-9ecc-8a417e23a390"}
[debug] &amp#27;[35m[WD Proxy]&amp#27;[39m Got response with status 200: {"sessionId":"f949b87a-9b2a-4283-b83c-c5b700cff67e","value":null}
[debug] &amp#27;[35m[W3C (2881cd97)]&amp#27;[39m Responding to client with driver.click() result: null
&amp#27;[35m[HTTP]&amp#27;[39m &amp#27;[37m<-- POST /wd/hub/session/2881cd97-5c1b-4785-a197-e06a5f39c2b7/element/1ce34c15-2f23-4e85-9ecc-8a417e23a390/click &amp#27;[39m&amp#27;[32m200&amp#27;[39m &amp#27;[90m24 ms - 14&amp#27;[39m
&amp#27;[35m[HTTP]&amp#27;[39m &amp#27;[90m&amp#27;[39m
&amp#27;[35m[HTTP]&amp#27;[39m &amp#27;[37m-->&amp#27;[39m &amp#27;[37mGET&amp#27;[39m &amp#27;[37m/wd/hub/session/2881cd97-5c1b-4785-a197-e06a5f39c2b7/context&amp#27;[39m
&amp#27;[35m[HTTP]&amp#27;[39m &amp#27;[90m{}&amp#27;[39m
[debug] &amp#27;[35m[W3C (2881cd97)]&amp#27;[39m Calling AppiumDriver.getCurrentContext() with args: ["2881cd97-5c1b-4785-a197-e06a5f39c2b7"]
[debug] &amp#27;[35m[W3C (2881cd97)]&amp#27;[39m Responding to client with driver.getCurrentContext() result: "NATIVE_APP"
&amp#27;[35m[HTTP]&amp#27;[39m &amp#27;[37m<-- GET /wd/hub/session/2881cd97-5c1b-4785-a197-e06a5f39c2b7/context &amp#27;[39m&amp#27;[32m200&amp#27;[39m &amp#27;[90m1 ms - 22&amp#27;[39m
&amp#27;[35m[HTTP]&amp#27;[39m &amp#27;[90m&amp#27;[39m
&amp#27;[35m[HTTP]&amp#27;[39m &amp#27;[37m-->&amp#27;[39m &amp#27;[37mPOST&amp#27;[39m &amp#27;[37m/wd/hub/session/2881cd97-5c1b-4785-a197-e06a5f39c2b7/element&amp#27;[39m
&amp#27;[35m[HTTP]&amp#27;[39m &amp#27;[90m{"using":"class name","value":"android.widget.EditText"}&amp#27;[39m
[debug] &amp#27;[35m[W3C (2881cd97)]&amp#27;[39m Calling AppiumDriver.findElement() with args: ["class name","android.widget.EditText","2881cd97-5c1b-4785-a197-e06a5f39c2b7"]
[debug] &amp#27;[35m[BaseDriver]&amp#27;[39m Valid locator strategies for this request: xpath, id, class name, accessibility id, -android uiautomator
[debug] &amp#27;[35m[BaseDriver]&amp#27;[39m Waiting up to 10000 ms for condition
[debug] &amp#27;[35m[WD Proxy]&amp#27;[39m Matched '/element' to command name 'findElement'
[debug] &amp#27;[35m[WD Proxy]&amp#27;[39m Proxying [POST /element] to [POST http://127.0.0.1:8212/wd/hub/session/f949b87a-9b2a-4283-b83c-c5b700cff67e/element] with body: {"strategy":"class name","selector":"android.widget.EditText","context":"","multiple":false}
[debug] &amp#27;[35m[WD Proxy]&amp#27;[39m Got response with status 200: {"sessionId":"f949b87a-9b2a-4283-b83c-c5b700cff67e","value":{"ELEMENT":"fd1634bd-ca33-49a4-82bb-7a19e2b19731","element-6066-11e4-a52e-4f735466cecf":"fd1634bd-ca33-49a4-82bb-7a19e2b19731"}}
[debug] &amp#27;[35m[W3C (2881cd97)]&amp#27;[39m Responding to client with driver.findElement() result: {"element-6066-11e4-a52e-4f735466cecf":"fd1634bd-ca33-49a4-82bb-7a19e2b19731","ELEMENT":"fd1634bd-ca33-49a4-82bb-7a19e2b19731"}
&amp#27;[35m[HTTP]&amp#27;[39m &amp#27;[37m<-- POST /wd/hub/session/2881cd97-5c1b-4785-a197-e06a5f39c2b7/element &amp#27;[39m&amp#27;[32m200&amp#27;[39m &amp#27;[90m1318 ms - 137&amp#27;[39m
&amp#27;[35m[HTTP]&amp#27;[39m &amp#27;[90m&amp#27;[39m
&amp#27;[35m[HTTP]&amp#27;[39m &amp#27;[37m-->&amp#27;[39m &amp#27;[37mPOST&amp#27;[39m &amp#27;[37m/wd/hub/session/2881cd97-5c1b-4785-a197-e06a5f39c2b7/element/fd1634bd-ca33-49a4-82bb-7a19e2b19731/value&amp#27;[39m
&amp#27;[35m[HTTP]&amp#27;[39m &amp#27;[90m{"id":"fd1634bd-ca33-49a4-82bb-7a19e2b19731","text":"$%$%","value":["$","%","$","%"]}&amp#27;[39m
[debug] &amp#27;[35m[W3C (2881cd97)]&amp#27;[39m Calling AppiumDriver.setValue() with args: [["$","%","$","%"],"fd1634bd-ca33-49a4-82bb-7a19e2b19731","2881cd97-5c1b-4785-a197-e06a5f39c2b7"]
[debug] &amp#27;[35m[WD Proxy]&amp#27;[39m Matched '/element/fd1634bd-ca33-49a4-82bb-7a19e2b19731/value' to command name 'setValue'
[debug] &amp#27;[35m[Protocol Converter]&amp#27;[39m Added 'value' property ["$","%","$","%"] to 'setValue' request body
[debug] &amp#27;[35m[WD Proxy]&amp#27;[39m Proxying [POST /element/fd1634bd-ca33-49a4-82bb-7a19e2b19731/value] to [POST http://127.0.0.1:8212/wd/hub/session/f949b87a-9b2a-4283-b83c-c5b700cff67e/element/fd1634bd-ca33-49a4-82bb-7a19e2b19731/value] with body: {"elementId":"fd1634bd-ca33-49a4-82bb-7a19e2b19731","text":"$%$%","replace":false,"value":["$","%","$","%"]}
[debug] &amp#27;[35m[WD Proxy]&amp#27;[39m Got response with status 200: {"sessionId":"f949b87a-9b2a-4283-b83c-c5b700cff67e","value":null}
[debug] &amp#27;[35m[W3C (2881cd97)]&amp#27;[39m Responding to client with driver.setValue() result: null
&amp#27;[35m[HTTP]&amp#27;[39m &amp#27;[37m<-- POST /wd/hub/session/2881cd97-5c1b-4785-a197-e06a5f39c2b7/element/fd1634bd-ca33-49a4-82bb-7a19e2b19731/value &amp#27;[39m&amp#27;[32m200&amp#27;[39m &amp#27;[90m42 ms - 14&amp#27;[39m
&amp#27;[35m[HTTP]&amp#27;[39m &amp#27;[90m&amp#27;[39m
&amp#27;[35m[HTTP]&amp#27;[39m &amp#27;[37m-->&amp#27;[39m &amp#27;[37mGET&amp#27;[39m &amp#27;[37m/wd/hub/session/2881cd97-5c1b-4785-a197-e06a5f39c2b7/context&amp#27;[39m
&amp#27;[35m[HTTP]&amp#27;[39m &amp#27;[90m{}&amp#27;[39m
[debug] &amp#27;[35m[W3C (2881cd97)]&amp#27;[39m Calling AppiumDriver.getCurrentContext() with args: ["2881cd97-5c1b-4785-a197-e06a5f39c2b7"]
[debug] &amp#27;[35m[W3C (2881cd97)]&amp#27;[39m Responding to client with driver.getCurrentContext() result: "NATIVE_APP"
&amp#27;[35m[HTTP]&amp#27;[39m &amp#27;[37m<-- GET /wd/hub/session/2881cd97-5c1b-4785-a197-e06a5f39c2b7/context &amp#27;[39m&amp#27;[32m200&amp#27;[39m &amp#27;[90m2 ms - 22&amp#27;[39m
&amp#27;[35m[HTTP]&amp#27;[39m &amp#27;[90m&amp#27;[39m
&amp#27;[35m[HTTP]&amp#27;[39m &amp#27;[37m-->&amp#27;[39m &amp#27;[37mPOST&amp#27;[39m &amp#27;[37m/wd/hub/session/2881cd97-5c1b-4785-a197-e06a5f39c2b7/elements&amp#27;[39m
&amp#27;[35m[HTTP]&amp#27;[39m &amp#27;[90m{"using":"class name","value":"android.widget.Button"}&amp#27;[39m
[debug] &amp#27;[35m[W3C (2881cd97)]&amp#27;[39m Calling AppiumDriver.findElements() with args: ["class name","android.widget.Button","2881cd97-5c1b-4785-a197-e06a5f39c2b7"]
[debug] &amp#27;[35m[BaseDriver]&amp#27;[39m Valid locator strategies for this request: xpath, id, class name, accessibility id, -android uiautomator
[debug] &amp#27;[35m[BaseDriver]&amp#27;[39m Waiting up to 10000 ms for condition
[debug] &amp#27;[35m[WD Proxy]&amp#27;[39m Matched '/elements' to command name 'findElements'
[debug] &amp#27;[35m[WD Proxy]&amp#27;[39m Proxying [POST /elements] to [POST http://127.0.0.1:8212/wd/hub/session/f949b87a-9b2a-4283-b83c-c5b700cff67e/elements] with body: {"strategy":"class name","selector":"android.widget.Button","context":"","multiple":true}
[debug] &amp#27;[35m[WD Proxy]&amp#27;[39m Got response with status 200: {"sessionId":"f949b87a-9b2a-4283-b83c-c5b700cff67e","value":[{"ELEMENT":"6e9fb869-df2f-41c7-85c0-c97c273b0c11","element-6066-11e4-a52e-4f735466cecf":"6e9fb869-df2f-41c7-85c0-c97c273b0c11"},{"ELEMENT":"19851ce3-9842-478b-9fd9-c6727a323f0d","element-6066-11e4-a52e-4f735466cecf":"19851ce3-9842-478b-9fd9-c6727a323f0d"}]}
[debug] &amp#27;[35m[W3C (2881cd97)]&amp#27;[39m Responding to client with driver.findElements() result: [{"element-6066-11e4-a52e-4f735466cecf":"6e9fb869-df2f-41c7-85c0-c97c273b0c11","ELEMENT":"6e9fb869-df2f-41c7-85c0-c97c273b0c11"},{"element-6066-11e4-a52e-4f735466cecf":"19851ce3-9842-478b-9fd9-c6727a323f0d","ELEMENT":"19851ce3-9842-478b-9fd9-c6727a323f0d"}]
&amp#27;[35m[HTTP]&amp#27;[39m &amp#27;[37m<-- POST /wd/hub/session/2881cd97-5c1b-4785-a197-e06a5f39c2b7/elements &amp#27;[39m&amp#27;[32m200&amp#27;[39m &amp#27;[90m633 ms - 267&amp#27;[39m
&amp#27;[35m[HTTP]&amp#27;[39m &amp#27;[90m&amp#27;[39m
&amp#27;[35m[HTTP]&amp#27;[39m &amp#27;[37m-->&amp#27;[39m &amp#27;[37mPOST&amp#27;[39m &amp#27;[37m/wd/hub/session/2881cd97-5c1b-4785-a197-e06a5f39c2b7/element/19851ce3-9842-478b-9fd9-c6727a323f0d/click&amp#27;[39m
&amp#27;[35m[HTTP]&amp#27;[39m &amp#27;[90m{"id":"19851ce3-9842-478b-9fd9-c6727a323f0d"}&amp#27;[39m
[debug] &amp#27;[35m[W3C (2881cd97)]&amp#27;[39m Calling AppiumDriver.click() with args: ["19851ce3-9842-478b-9fd9-c6727a323f0d","2881cd97-5c1b-4785-a197-e06a5f39c2b7"]
[debug] &amp#27;[35m[WD Proxy]&amp#27;[39m Matched '/element/19851ce3-9842-478b-9fd9-c6727a323f0d/click' to command name 'click'
[debug] &amp#27;[35m[WD Proxy]&amp#27;[39m Proxying [POST /element/19851ce3-9842-478b-9fd9-c6727a323f0d/click] to [POST http://127.0.0.1:8212/wd/hub/session/f949b87a-9b2a-4283-b83c-c5b700cff67e/element/19851ce3-9842-478b-9fd9-c6727a323f0d/click] with body: {"element":"19851ce3-9842-478b-9fd9-c6727a323f0d"}
[debug] &amp#27;[35m[WD Proxy]&amp#27;[39m Got response with status 200: {"sessionId":"f949b87a-9b2a-4283-b83c-c5b700cff67e","value":null}
[debug] &amp#27;[35m[W3C (2881cd97)]&amp#27;[39m Responding to client with driver.click() result: null
]]></system-out>
    <system-err><![CDATA[Jun 20, 2020 8:24:55 PM io.appium.java_client.remote.AppiumCommandExecutor$1 lambda$0
INFO: Detected dialect: W3C
]]></system-err>
  </testcase>
</testsuite>